Debug|Reading config...
Debug|Reading referenced images from '\\VBOXSVR\htdocs\amazfitbip\test-bip\simple-bw-big-numbers'
Trace|Loading images for 2 'Background'
Trace|Loading images for 2.1 'Image'
Trace|Loading image 0...
Trace|Image was loaded from file \\VBOXSVR\htdocs\amazfitbip\test-bip\simple-bw-big-numbers\000.png
Trace|Loading images for 3 'Time'
Trace|Loading images for 3.1 'TwoDigits'
Trace|Loading images for 3.1.1 'ImageSet'
Trace|Loading image 1...
Trace|Image was loaded from file \\VBOXSVR\htdocs\amazfitbip\test-bip\simple-bw-big-numbers\001.png
Trace|Loading image 2...
Trace|Image was loaded from file \\VBOXSVR\htdocs\amazfitbip\test-bip\simple-bw-big-numbers\002.png
Trace|Loading image 3...
Trace|Image was loaded from file \\VBOXSVR\htdocs\amazfitbip\test-bip\simple-bw-big-numbers\003.png
Trace|Loading image 4...
Trace|Image was loaded from file \\VBOXSVR\htdocs\amazfitbip\test-bip\simple-bw-big-numbers\004.png
Trace|Loading image 5...
Trace|Image was loaded from file \\VBOXSVR\htdocs\amazfitbip\test-bip\simple-bw-big-numbers\005.png
Trace|Loading image 6...
Trace|Image was loaded from file \\VBOXSVR\htdocs\amazfitbip\test-bip\simple-bw-big-numbers\006.png
Trace|Loading image 7...
Trace|Image was loaded from file \\VBOXSVR\htdocs\amazfitbip\test-bip\simple-bw-big-numbers\007.png
Trace|Loading image 8...
Trace|Image was loaded from file \\VBOXSVR\htdocs\amazfitbip\test-bip\simple-bw-big-numbers\008.png
Trace|Loading image 9...
Trace|Image was loaded from file \\VBOXSVR\htdocs\amazfitbip\test-bip\simple-bw-big-numbers\009.png
Trace|Loading image 10...
Trace|Image was loaded from file \\VBOXSVR\htdocs\amazfitbip\test-bip\simple-bw-big-numbers\010.png
Trace|Loading images for 3.1.2 'ImageSet'
Trace|Loading images for 3.2 'TwoDigits'
Trace|Loading images for 3.2.1 'ImageSet'
Trace|Loading images for 3.2.2 'ImageSet'
Trace|Loading images for 4 'Activity'
Trace|Loading images for 4.1 'Number'
Trace|Loading images for 4.1.5 'TextAlignment'
Trace|Loading image 11...
Trace|Image was loaded from file \\VBOXSVR\htdocs\amazfitbip\test-bip\simple-bw-big-numbers\011.png
Trace|Loading image 12...
Trace|Image was loaded from file \\VBOXSVR\htdocs\amazfitbip\test-bip\simple-bw-big-numbers\012.png
Trace|Loading image 13...
Trace|Image was loaded from file \\VBOXSVR\htdocs\amazfitbip\test-bip\simple-bw-big-numbers\013.png
Trace|Loading image 14...
Trace|Image was loaded from file \\VBOXSVR\htdocs\amazfitbip\test-bip\simple-bw-big-numbers\014.png
Trace|Loading image 15...
Trace|Image was loaded from file \\VBOXSVR\htdocs\amazfitbip\test-bip\simple-bw-big-numbers\015.png
Trace|Loading image 16...
Trace|Image was loaded from file \\VBOXSVR\htdocs\amazfitbip\test-bip\simple-bw-big-numbers\016.png
Trace|Loading image 17...
Trace|Image was loaded from file \\VBOXSVR\htdocs\amazfitbip\test-bip\simple-bw-big-numbers\017.png
Trace|Loading image 18...
Trace|Image was loaded from file \\VBOXSVR\htdocs\amazfitbip\test-bip\simple-bw-big-numbers\018.png
Trace|Loading image 19...
Trace|Image was loaded from file \\VBOXSVR\htdocs\amazfitbip\test-bip\simple-bw-big-numbers\019.png
Trace|Loading image 20...
Trace|Image was loaded from file \\VBOXSVR\htdocs\amazfitbip\test-bip\simple-bw-big-numbers\020.png
Trace|Loading images for 4.4 'Number'
Trace|Loading images for 4.4.5 'TextAlignment'
Trace|Loading images for 4.5 'FormattedNumber'
Trace|Loading images for 4.5.1 'Number'
Trace|Loading images for 4.5.1.5 'TextAlignment'
Trace|Loading image 21...
Trace|Image was loaded from file \\VBOXSVR\htdocs\amazfitbip\test-bip\simple-bw-big-numbers\9059.png
Trace|Loading image 22...
Trace|Image was loaded from file \\VBOXSVR\htdocs\amazfitbip\test-bip\simple-bw-big-numbers\9058.png
Trace|Loading images for 5 'Date'
Trace|Loading images for 5.1 'MonthAndDay'
Trace|Loading images for 5.1.2 'OneLineMonthAndDay'
Trace|Loading images for 5.1.2.1 'Number'
Trace|Loading images for 5.1.2.1.5 'TextAlignment'
Trace|Loading images for 5.1.3 'Boolean'
Trace|Loading images for 5.1.4 'Boolean'
Trace|Loading images for 5.2 'ImageSet'
Trace|Loading image 23...
Trace|Image was loaded from file \\VBOXSVR\htdocs\amazfitbip\test-bip\simple-bw-big-numbers\021.png
Trace|Loading image 24...
Trace|Image was loaded from file \\VBOXSVR\htdocs\amazfitbip\test-bip\simple-bw-big-numbers\022.png
Trace|Loading image 25...
Trace|Image was loaded from file \\VBOXSVR\htdocs\amazfitbip\test-bip\simple-bw-big-numbers\023.png
Trace|Loading image 26...
Trace|Image was loaded from file \\VBOXSVR\htdocs\amazfitbip\test-bip\simple-bw-big-numbers\024.png
Trace|Loading image 27...
Trace|Image was loaded from file \\VBOXSVR\htdocs\amazfitbip\test-bip\simple-bw-big-numbers\025.png
Trace|Loading image 28...
Trace|Image was loaded from file \\VBOXSVR\htdocs\amazfitbip\test-bip\simple-bw-big-numbers\026.png
Trace|Loading image 29...
Trace|Image was loaded from file \\VBOXSVR\htdocs\amazfitbip\test-bip\simple-bw-big-numbers\027.png
Trace|Loading images for 6 'Weather'
Trace|Loading images for 6.2 'Temperature'
Trace|Loading images for 6.2.1 'TemperatureNumber'
Trace|Loading images for 6.2.1.1 'Number'
Trace|Loading images for 6.2.1.1.5 'TextAlignment'
Trace|Loading image 30...
Trace|Image was loaded from file \\VBOXSVR\htdocs\amazfitbip\test-bip\simple-bw-big-numbers\9054.png
Trace|Loading image 31...
Trace|Image was loaded from file \\VBOXSVR\htdocs\amazfitbip\test-bip\simple-bw-big-numbers\9055.png
Trace|Loading images for 6.2.2 'TodayTemperature'
Trace|Loading images for 6.2.2.2 'OneLineTemperature'
Trace|Loading images for 6.2.2.2.1 'Number'
Trace|Loading images for 6.2.2.2.1.5 'TextAlignment'
Trace|Loading image 32...
Trace|Image was loaded from file \\VBOXSVR\htdocs\amazfitbip\test-bip\simple-bw-big-numbers\9056.png
Trace|Loading images for 6.2.2.2.4 'Boolean'
Trace|Loading images for 8 'Status'
Trace|Loading images for 8.1 'Switch'
Trace|Loading images for 8.1.1 'Coordinates'
Trace|Loading image 33...
Trace|Image was loaded from file \\VBOXSVR\htdocs\amazfitbip\test-bip\simple-bw-big-numbers\9065.png
Warn|Dithering applied for an image. Resource in watch face will use only supported colors. You can't get back original image by unpacking watch face.
Trace|Loading image 34...
Trace|Image was loaded from file \\VBOXSVR\htdocs\amazfitbip\test-bip\simple-bw-big-numbers\9066.png
Trace|Loading images for 8.2 'Switch'
Trace|Loading images for 8.2.1 'Coordinates'
Trace|Loading image 35...
Trace|Image was loaded from file \\VBOXSVR\htdocs\amazfitbip\test-bip\simple-bw-big-numbers\9067.png
Warn|Dithering applied for an image. Resource in watch face will use only supported colors. You can't get back original image by unpacking watch face.
Trace|Loading images for 9 'Battery'
Trace|Loading images for 9.3 'Scale'
Trace|Loading image 36...
Trace|Image was loaded from file \\VBOXSVR\htdocs\amazfitbip\test-bip\simple-bw-big-numbers\9068.png
Trace|Loading image 37...
Trace|Image was loaded from file \\VBOXSVR\htdocs\amazfitbip\test-bip\simple-bw-big-numbers\9069.png
Trace|Loading image 38...
Trace|Image was loaded from file \\VBOXSVR\htdocs\amazfitbip\test-bip\simple-bw-big-numbers\9070.png
Trace|Loading image 39...
Trace|Image was loaded from file \\VBOXSVR\htdocs\amazfitbip\test-bip\simple-bw-big-numbers\9071.png
Trace|Loading image 40...
Trace|Image was loaded from file \\VBOXSVR\htdocs\amazfitbip\test-bip\simple-bw-big-numbers\9072.png
Trace|Loading image 41...
Trace|Image was loaded from file \\VBOXSVR\htdocs\amazfitbip\test-bip\simple-bw-big-numbers\9073.png
Trace|Loading image 42...
Trace|Image was loaded from file \\VBOXSVR\htdocs\amazfitbip\test-bip\simple-bw-big-numbers\9074.png
Trace|Building parameters for watch face...
Trace|2 'Background'
Trace|2.1 'Image'
Trace|2.1.1 'X': 0
Trace|2.1.2 'Y': 0
Trace|2.1.3 'ImageIndex': 0
Trace|3 'Time'
Trace|3.1 'TwoDigits'
Trace|3.1.1 'ImageSet'
Trace|3.1.1.1 'X': 13
Trace|3.1.1.2 'Y': 76
Trace|3.1.1.3 'ImageIndex': 1
Trace|3.1.1.4 'ImagesCount': 10
Trace|3.1.2 'ImageSet'
Trace|3.1.2.1 'X': 51
Trace|3.1.2.2 'Y': 76
Trace|3.1.2.3 'ImageIndex': 1
Trace|3.1.2.4 'ImagesCount': 10
Trace|3.2 'TwoDigits'
Trace|3.2.1 'ImageSet'
Trace|3.2.1.1 'X': 89
Trace|3.2.1.2 'Y': 76
Trace|3.2.1.3 'ImageIndex': 1
Trace|3.2.1.4 'ImagesCount': 10
Trace|3.2.2 'ImageSet'
Trace|3.2.2.1 'X': 127
Trace|3.2.2.2 'Y': 76
Trace|3.2.2.3 'ImageIndex': 1
Trace|3.2.2.4 'ImagesCount': 10
Trace|4 'Activity'
Trace|4.1 'Number'
Trace|4.1.1 'TopLeftX': 43
Trace|4.1.2 'TopLeftY': 45
Trace|4.1.3 'BottomRightX': 100
Trace|4.1.4 'BottomRightY': 54
Trace|4.1.5 'Alignment': 20
Trace|4.1.6 'Spacing': 2
Trace|4.1.7 'ImageIndex': 11
Trace|4.1.8 'ImagesCount': 10
Trace|4.4 'Number'
Trace|4.4.1 'TopLeftX': 8
Trace|4.4.2 'TopLeftY': 45
Trace|4.4.3 'BottomRightX': 41
Trace|4.4.4 'BottomRightY': 54
Trace|4.4.5 'Alignment': 20
Trace|4.4.6 'Spacing': 2
Trace|4.4.7 'ImageIndex': 11
Trace|4.4.8 'ImagesCount': 10
Trace|4.5 'FormattedNumber'
Trace|4.5.1 'Number'
Trace|4.5.1.1 'TopLeftX': 103
Trace|4.5.1.2 'TopLeftY': 45
Trace|4.5.1.3 'BottomRightX': 161
Trace|4.5.1.4 'BottomRightY': 54
Trace|4.5.1.5 'Alignment': 20
Trace|4.5.1.6 'Spacing': 2
Trace|4.5.1.7 'ImageIndex': 11
Trace|4.5.1.8 'ImagesCount': 10
Trace|4.5.2 'SuffixImageIndex': 21
Trace|4.5.3 'DecimalPointImageIndex': 22
Trace|5 'Date'
Trace|5.1 'MonthAndDay'
Trace|5.1.2 'OneLineMonthAndDay'
Trace|5.1.2.1 'Number'
Trace|5.1.2.1.1 'TopLeftX': 60
Trace|5.1.2.1.2 'TopLeftY': 14
Trace|5.1.2.1.3 'BottomRightX': 109
Trace|5.1.2.1.4 'BottomRightY': 23
Trace|5.1.2.1.5 'Alignment': 18
Trace|5.1.2.1.6 'Spacing': 2
Trace|5.1.2.1.7 'ImageIndex': 11
Trace|5.1.2.1.8 'ImagesCount': 10
Trace|5.1.2.2 'DelimiterImageIndex': 22
Trace|5.1.3 'TwoDigitsMonth': 1
Trace|5.1.4 'TwoDigitsDay': 1
Trace|5.2 'ImageSet'
Trace|5.2.1 'X': 15
Trace|5.2.2 'Y': 14
Trace|5.2.3 'ImageIndex': 23
Trace|5.2.4 'ImagesCount': 7
Trace|6 'Weather'
Trace|6.2 'Temperature'
Trace|6.2.1 'TemperatureNumber'
Trace|6.2.1.1 'Number'
Trace|6.2.1.1.1 'TopLeftX': 14
Trace|6.2.1.1.2 'TopLeftY': 152
Trace|6.2.1.1.3 'BottomRightX': 33
Trace|6.2.1.1.4 'BottomRightY': 9
Trace|6.2.1.1.5 'Alignment': 18
Trace|6.2.1.1.6 'Spacing': 2
Trace|6.2.1.1.7 'ImageIndex': 11
Trace|6.2.1.1.8 'ImagesCount': 10
Trace|6.2.1.2 'MinusImageIndex': 30
Trace|6.2.1.3 'DegreesImageIndex': 31
Trace|6.2.2 'TodayTemperature'
Trace|6.2.2.2 'OneLineTemperature'
Trace|6.2.2.2.1 'Number'
Trace|6.2.2.2.1.1 'TopLeftX': 103
Trace|6.2.2.2.1.2 'TopLeftY': 152
Trace|6.2.2.2.1.3 'BottomRightX': 88
Trace|6.2.2.2.1.4 'BottomRightY': 161
Trace|6.2.2.2.1.5 'Alignment': 18
Trace|6.2.2.2.1.6 'Spacing': 2
Trace|6.2.2.2.1.7 'ImageIndex': 11
Trace|6.2.2.2.1.8 'ImagesCount': 10
Trace|6.2.2.2.2 'MinusSignImageIndex': 30
Trace|6.2.2.2.3 'DelimiterImageIndex': 32
Trace|6.2.2.2.4 'AppendDegreesForBoth': 0
Trace|6.2.2.2.5 'DegreesImageIndex': 31
Trace|8 'Status'
Trace|8.1 'Switch'
Trace|8.1.1 'Coordinates'
Trace|8.1.1.1 'X': 132
Trace|8.1.1.2 'Y': 14
Trace|8.1.2 'ImageIndexOn': 33
Trace|8.1.3 'ImageIndexOff': 34
Trace|8.2 'Switch'
Trace|8.2.1 'Coordinates'
Trace|8.2.1.1 'X': 120
Trace|8.2.1.2 'Y': 14
Trace|8.2.2 'ImageIndexOn': 35
Trace|9 'Battery'
Trace|9.3 'Scale'
Trace|9.3.1 'StartImageIndex': 36
Trace|9.3.2 'Coordinates'
Trace|9.3.2.1 'X': 146
Trace|9.3.2.2 'Y': 16
Trace|9.3.2 'Coordinates'
Trace|9.3.2.1 'X': 146
Trace|9.3.2.2 'Y': 16
Trace|9.3.2 'Coordinates'
Trace|9.3.2.1 'X': 146
Trace|9.3.2.2 'Y': 16
Trace|9.3.2 'Coordinates'
Trace|9.3.2.1 'X': 146
Trace|9.3.2.2 'Y': 16
Trace|9.3.2 'Coordinates'
Trace|9.3.2.1 'X': 146
Trace|9.3.2.2 'Y': 16
Trace|9.3.2 'Coordinates'
Trace|9.3.2.1 'X': 146
Trace|9.3.2.2 'Y': 16
Trace|9.3.2 'Coordinates'
Trace|9.3.2.1 'X': 146
Trace|9.3.2.2 'Y': 16
Debug|Generating preview...
Debug|Writing watch face to '\\VBOXSVR\htdocs\amazfitbip\test-bip\simple-bw-big-numbers\simple-bw-big-numbers_packed.bin'
Trace|Encoding parameters...
Trace|Parameter: 2
Trace|1 (0A):
Trace|    1 (08): 0 (00)
Trace|    2 (10): 0 (00)
Trace|    3 (18): 0 (00)
Trace|8 bytes
Trace|Parameter: 3
Trace|1 (0A):
Trace|    1 (0A):
Trace|        1 (08): 13 (0D)
Trace|        2 (10): 76 (4C)
Trace|        3 (18): 1 (01)
Trace|        4 (20): 10 (0A)
Trace|    10 bytes
Trace|    2 (12):
Trace|        1 (08): 51 (33)
Trace|        2 (10): 76 (4C)
Trace|        3 (18): 1 (01)
Trace|        4 (20): 10 (0A)
Trace|    10 bytes
Trace|22 bytes
Trace|2 (12):
Trace|    1 (0A):
Trace|        1 (08): 89 (59)
Trace|        2 (10): 76 (4C)
Trace|        3 (18): 1 (01)
Trace|        4 (20): 10 (0A)
Trace|    10 bytes
Trace|    2 (12):
Trace|        1 (08): 127 (7F)
Trace|        2 (10): 76 (4C)
Trace|        3 (18): 1 (01)
Trace|        4 (20): 10 (0A)
Trace|    10 bytes
Trace|22 bytes
Trace|Parameter: 4
Trace|1 (0A):
Trace|    1 (08): 43 (2B)
Trace|    2 (10): 45 (2D)
Trace|    3 (18): 100 (64)
Trace|    4 (20): 54 (36)
Trace|    5 (28): 20 (14)
Trace|    6 (30): 2 (02)
Trace|    7 (38): 11 (0B)
Trace|    8 (40): 10 (0A)
Trace|18 bytes
Trace|4 (22):
Trace|    1 (08): 8 (08)
Trace|    2 (10): 45 (2D)
Trace|    3 (18): 41 (29)
Trace|    4 (20): 54 (36)
Trace|    5 (28): 20 (14)
Trace|    6 (30): 2 (02)
Trace|    7 (38): 11 (0B)
Trace|    8 (40): 10 (0A)
Trace|18 bytes
Trace|5 (2A):
Trace|    1 (0A):
Trace|        1 (08): 103 (67)
Trace|        2 (10): 45 (2D)
Trace|        3 (18): 161 (A1)
Trace|        4 (20): 54 (36)
Trace|        5 (28): 20 (14)
Trace|        6 (30): 2 (02)
Trace|        7 (38): 11 (0B)
Trace|        8 (40): 10 (0A)
Trace|    19 bytes
Trace|    2 (10): 21 (15)
Trace|    3 (18): 22 (16)
Trace|25 bytes
Trace|Parameter: 5
Trace|1 (0A):
Trace|    2 (12):
Trace|        1 (0A):
Trace|            1 (08): 60 (3C)
Trace|            2 (10): 14 (0E)
Trace|            3 (18): 109 (6D)
Trace|            4 (20): 23 (17)
Trace|            5 (28): 18 (12)
Trace|            6 (30): 2 (02)
Trace|            7 (38): 11 (0B)
Trace|            8 (40): 10 (0A)
Trace|        18 bytes
Trace|        2 (10): 22 (16)
Trace|    22 bytes
Trace|    3 (18): 1 (01)
Trace|    4 (20): 1 (01)
Trace|28 bytes
Trace|2 (12):
Trace|    1 (08): 15 (0F)
Trace|    2 (10): 14 (0E)
Trace|    3 (18): 23 (17)
Trace|    4 (20): 7 (07)
Trace|10 bytes
Trace|Parameter: 6
Trace|2 (12):
Trace|    1 (0A):
Trace|        1 (0A):
Trace|            1 (08): 14 (0E)
Trace|            2 (10): 152 (98)
Trace|            3 (18): 33 (21)
Trace|            4 (20): 9 (09)
Trace|            5 (28): 18 (12)
Trace|            6 (30): 2 (02)
Trace|            7 (38): 11 (0B)
Trace|            8 (40): 10 (0A)
Trace|        19 bytes
Trace|        2 (10): 30 (1E)
Trace|        3 (18): 31 (1F)
Trace|    25 bytes
Trace|    2 (12):
Trace|        2 (12):
Trace|            1 (0A):
Trace|                1 (08): 103 (67)
Trace|                2 (10): 152 (98)
Trace|                3 (18): 88 (58)
Trace|                4 (20): 161 (A1)
Trace|                5 (28): 18 (12)
Trace|                6 (30): 2 (02)
Trace|                7 (38): 11 (0B)
Trace|                8 (40): 10 (0A)
Trace|            20 bytes
Trace|            2 (10): 30 (1E)
Trace|            3 (18): 32 (20)
Trace|            4 (20): 0 (00)
Trace|            5 (28): 31 (1F)
Trace|        30 bytes
Trace|    32 bytes
Trace|59 bytes
Trace|Parameter: 8
Trace|1 (0A):
Trace|    1 (0A):
Trace|        1 (08): 132 (84)
Trace|        2 (10): 14 (0E)
Trace|    7 bytes
Trace|    2 (10): 33 (21)
Trace|    3 (18): 34 (22)
Trace|13 bytes
Trace|2 (12):
Trace|    1 (0A):
Trace|        1 (08): 120 (78)
Trace|        2 (10): 14 (0E)
Trace|    6 bytes
Trace|    2 (10): 35 (23)
Trace|10 bytes
Trace|Parameter: 9
Trace|3 (1A):
Trace|    1 (08): 36 (24)
Trace|    2 (12):
Trace|        1 (08): 146 (92)
Trace|        2 (10): 16 (10)
Trace|    7 bytes
Trace|    2 (12):
Trace|        1 (08): 146 (92)
Trace|        2 (10): 16 (10)
Trace|    7 bytes
Trace|    2 (12):
Trace|        1 (08): 146 (92)
Trace|        2 (10): 16 (10)
Trace|    7 bytes
Trace|    2 (12):
Trace|        1 (08): 146 (92)
Trace|        2 (10): 16 (10)
Trace|    7 bytes
Trace|    2 (12):
Trace|        1 (08): 146 (92)
Trace|        2 (10): 16 (10)
Trace|    7 bytes
Trace|    2 (12):
Trace|        1 (08): 146 (92)
Trace|        2 (10): 16 (10)
Trace|    7 bytes
Trace|    2 (12):
Trace|        1 (08): 146 (92)
Trace|        2 (10): 16 (10)
Trace|    7 bytes
Trace|53 bytes
Trace|Encoding offsets and lengths...
Trace|1 (0A):
Trace|    1 (08): 286 (11E)
Trace|    2 (10): 43 (2B)
Trace|7 bytes
Trace|2 (12):
Trace|    1 (08): 0 (00)
Trace|    2 (10): 8 (08)
Trace|6 bytes
Trace|3 (1A):
Trace|    1 (08): 8 (08)
Trace|    2 (10): 44 (2C)
Trace|6 bytes
Trace|4 (22):
Trace|    1 (08): 52 (34)
Trace|    2 (10): 61 (3D)
Trace|6 bytes
Trace|5 (2A):
Trace|    1 (08): 113 (71)
Trace|    2 (10): 38 (26)
Trace|6 bytes
Trace|6 (32):
Trace|    1 (08): 151 (97)
Trace|    2 (10): 59 (3B)
Trace|7 bytes
Trace|8 (42):
Trace|    1 (08): 210 (D2)
Trace|    2 (10): 23 (17)
Trace|7 bytes
Trace|9 (4A):
Trace|    1 (08): 233 (E9)
Trace|    2 (10): 53 (35)
Trace|7 bytes
Trace|Writing header...
Trace|Writing parameters offsets and lengths...
Trace|Writing parameters...
Trace|Writing images...
Trace|Image 0 offset is 0...
Debug|Encoding image 0...
Trace|Extracting palette...
Trace|Palette item 0: R 00, G 00, B 00
Trace|Palette item 1: R FF, G FF, B FF
Trace|Writing image header...
Trace|Width: 176, Height: 176, RowLength: 22
Trace|BPP: 1, PaletteColors: 2, Transaparency: 0
Trace|Writing palette...
Trace|Writing image...
Trace|Image 1 offset is 3896...
Debug|Encoding image 1...
Trace|Extracting palette...
Trace|Palette item 0: R 00, G 00, B 00
Trace|Palette item 1: R FF, G FF, B FF
Trace|Writing image header...
Trace|Width: 36, Height: 55, RowLength: 5
Trace|BPP: 1, PaletteColors: 2, Transaparency: 0
Trace|Writing palette...
Trace|Writing image...
Trace|Image 2 offset is 4195...
Debug|Encoding image 2...
Trace|Extracting palette...
Trace|Palette item 0: R FF, G FF, B FF
Trace|Palette item 1: R 00, G 00, B 00
Trace|Writing image header...
Trace|Width: 36, Height: 55, RowLength: 5
Trace|BPP: 1, PaletteColors: 2, Transaparency: 0
Trace|Writing palette...
Trace|Writing image...
Trace|Image 3 offset is 4494...
Debug|Encoding image 3...
Trace|Extracting palette...
Trace|Palette item 0: R 00, G 00, B 00
Trace|Palette item 1: R FF, G FF, B FF
Trace|Writing image header...
Trace|Width: 36, Height: 55, RowLength: 5
Trace|BPP: 1, PaletteColors: 2, Transaparency: 0
Trace|Writing palette...
Trace|Writing image...
Trace|Image 4 offset is 4793...
Debug|Encoding image 4...
Trace|Extracting palette...
Trace|Palette item 0: R 00, G 00, B 00
Trace|Palette item 1: R FF, G FF, B FF
Trace|Writing image header...
Trace|Width: 36, Height: 55, RowLength: 5
Trace|BPP: 1, PaletteColors: 2, Transaparency: 0
Trace|Writing palette...
Trace|Writing image...
Trace|Image 5 offset is 5092...
Debug|Encoding image 5...
Trace|Extracting palette...
Trace|Palette item 0: R 00, G 00, B 00
Trace|Palette item 1: R FF, G FF, B FF
Trace|Writing image header...
Trace|Width: 36, Height: 55, RowLength: 5
Trace|BPP: 1, PaletteColors: 2, Transaparency: 0
Trace|Writing palette...
Trace|Writing image...
Trace|Image 6 offset is 5391...
Debug|Encoding image 6...
Trace|Extracting palette...
Trace|Palette item 0: R 00, G 00, B 00
Trace|Palette item 1: R FF, G FF, B FF
Trace|Writing image header...
Trace|Width: 36, Height: 55, RowLength: 5
Trace|BPP: 1, PaletteColors: 2, Transaparency: 0
Trace|Writing palette...
Trace|Writing image...
Trace|Image 7 offset is 5690...
Debug|Encoding image 7...
Trace|Extracting palette...
Trace|Palette item 0: R 00, G 00, B 00
Trace|Palette item 1: R FF, G FF, B FF
Trace|Writing image header...
Trace|Width: 36, Height: 55, RowLength: 5
Trace|BPP: 1, PaletteColors: 2, Transaparency: 0
Trace|Writing palette...
Trace|Writing image...
Trace|Image 8 offset is 5989...
Debug|Encoding image 8...
Trace|Extracting palette...
Trace|Palette item 0: R 00, G 00, B 00
Trace|Palette item 1: R FF, G FF, B FF
Trace|Writing image header...
Trace|Width: 36, Height: 55, RowLength: 5
Trace|BPP: 1, PaletteColors: 2, Transaparency: 0
Trace|Writing palette...
Trace|Writing image...
Trace|Image 9 offset is 6288...
Debug|Encoding image 9...
Trace|Extracting palette...
Trace|Palette item 0: R 00, G 00, B 00
Trace|Palette item 1: R FF, G FF, B FF
Trace|Writing image header...
Trace|Width: 36, Height: 55, RowLength: 5
Trace|BPP: 1, PaletteColors: 2, Transaparency: 0
Trace|Writing palette...
Trace|Writing image...
Trace|Image 10 offset is 6587...
Debug|Encoding image 10...
Trace|Extracting palette...
Trace|Palette item 0: R 00, G 00, B 00
Trace|Palette item 1: R FF, G FF, B FF
Trace|Writing image header...
Trace|Width: 36, Height: 55, RowLength: 5
Trace|BPP: 1, PaletteColors: 2, Transaparency: 0
Trace|Writing palette...
Trace|Writing image...
Trace|Image 11 offset is 6886...
Debug|Encoding image 11...
Trace|Extracting palette...
Trace|Palette item 0: R 00, G 00, B 00
Trace|Palette item 1: R FF, G FF, B FF
Trace|Writing image header...
Trace|Width: 10, Height: 10, RowLength: 2
Trace|BPP: 1, PaletteColors: 2, Transaparency: 0
Trace|Writing palette...
Trace|Writing image...
Trace|Image 12 offset is 6930...
Debug|Encoding image 12...
Trace|Extracting palette...
Trace|Palette item 0: R FF, G FF, B FF
Trace|Palette item 1: R 00, G 00, B 00
Trace|Writing image header...
Trace|Width: 10, Height: 10, RowLength: 2
Trace|BPP: 1, PaletteColors: 2, Transaparency: 0
Trace|Writing palette...
Trace|Writing image...
Trace|Image 13 offset is 6974...
Debug|Encoding image 13...
Trace|Extracting palette...
Trace|Palette item 0: R 00, G 00, B 00
Trace|Palette item 1: R FF, G FF, B FF
Trace|Writing image header...
Trace|Width: 10, Height: 10, RowLength: 2
Trace|BPP: 1, PaletteColors: 2, Transaparency: 0
Trace|Writing palette...
Trace|Writing image...
Trace|Image 14 offset is 7018...
Debug|Encoding image 14...
Trace|Extracting palette...
Trace|Palette item 0: R 00, G 00, B 00
Trace|Palette item 1: R FF, G FF, B FF
Trace|Writing image header...
Trace|Width: 10, Height: 10, RowLength: 2
Trace|BPP: 1, PaletteColors: 2, Transaparency: 0
Trace|Writing palette...
Trace|Writing image...
Trace|Image 15 offset is 7062...
Debug|Encoding image 15...
Trace|Extracting palette...
Trace|Palette item 0: R 00, G 00, B 00
Trace|Palette item 1: R FF, G FF, B FF
Trace|Writing image header...
Trace|Width: 10, Height: 10, RowLength: 2
Trace|BPP: 1, PaletteColors: 2, Transaparency: 0
Trace|Writing palette...
Trace|Writing image...
Trace|Image 16 offset is 7106...
Debug|Encoding image 16...
Trace|Extracting palette...
Trace|Palette item 0: R 00, G 00, B 00
Trace|Palette item 1: R FF, G FF, B FF
Trace|Writing image header...
Trace|Width: 10, Height: 10, RowLength: 2
Trace|BPP: 1, PaletteColors: 2, Transaparency: 0
Trace|Writing palette...
Trace|Writing image...
Trace|Image 17 offset is 7150...
Debug|Encoding image 17...
Trace|Extracting palette...
Trace|Palette item 0: R 00, G 00, B 00
Trace|Palette item 1: R FF, G FF, B FF
Trace|Writing image header...
Trace|Width: 10, Height: 10, RowLength: 2
Trace|BPP: 1, PaletteColors: 2, Transaparency: 0
Trace|Writing palette...
Trace|Writing image...
Trace|Image 18 offset is 7194...
Debug|Encoding image 18...
Trace|Extracting palette...
Trace|Palette item 0: R 00, G 00, B 00
Trace|Palette item 1: R FF, G FF, B FF
Trace|Writing image header...
Trace|Width: 10, Height: 10, RowLength: 2
Trace|BPP: 1, PaletteColors: 2, Transaparency: 0
Trace|Writing palette...
Trace|Writing image...
Trace|Image 19 offset is 7238...
Debug|Encoding image 19...
Trace|Extracting palette...
Trace|Palette item 0: R 00, G 00, B 00
Trace|Palette item 1: R FF, G FF, B FF
Trace|Writing image header...
Trace|Width: 10, Height: 10, RowLength: 2
Trace|BPP: 1, PaletteColors: 2, Transaparency: 0
Trace|Writing palette...
Trace|Writing image...
Trace|Image 20 offset is 7282...
Debug|Encoding image 20...
Trace|Extracting palette...
Trace|Palette item 0: R 00, G 00, B 00
Trace|Palette item 1: R FF, G FF, B FF
Trace|Writing image header...
Trace|Width: 10, Height: 10, RowLength: 2
Trace|BPP: 1, PaletteColors: 2, Transaparency: 0
Trace|Writing palette...
Trace|Writing image...
Trace|Image 21 offset is 7326...
Debug|Encoding image 21...
Trace|Extracting palette...
Trace|Palette item 0: R FF, G FF, B FF
Trace|Palette item 1: R 00, G 00, B 00
Trace|Writing image header...
Trace|Width: 7, Height: 10, RowLength: 1
Trace|BPP: 1, PaletteColors: 2, Transaparency: 0
Trace|Writing palette...
Trace|Writing image...
Trace|Image 22 offset is 7360...
Debug|Encoding image 22...
Trace|Extracting palette...
Trace|Palette item 0: R FF, G FF, B FF
Trace|Palette item 1: R 00, G 00, B 00
Trace|Writing image header...
Trace|Width: 2, Height: 10, RowLength: 1
Trace|BPP: 1, PaletteColors: 2, Transaparency: 0
Trace|Writing palette...
Trace|Writing image...
Trace|Image 23 offset is 7394...
Debug|Encoding image 23...
Trace|Extracting palette...
Trace|Palette item 0: R 00, G 00, B 00
Trace|Palette item 1: R FF, G FF, B FF
Trace|Writing image header...
Trace|Width: 32, Height: 10, RowLength: 4
Trace|BPP: 1, PaletteColors: 2, Transaparency: 0
Trace|Writing palette...
Trace|Writing image...
Trace|Image 24 offset is 7458...
Debug|Encoding image 24...
Trace|Extracting palette...
Trace|Palette item 0: R 00, G 00, B 00
Trace|Palette item 1: R FF, G FF, B FF
Trace|Writing image header...
Trace|Width: 32, Height: 10, RowLength: 4
Trace|BPP: 1, PaletteColors: 2, Transaparency: 0
Trace|Writing palette...
Trace|Writing image...
Trace|Image 25 offset is 7522...
Debug|Encoding image 25...
Trace|Extracting palette...
Trace|Palette item 0: R 00, G 00, B 00
Trace|Palette item 1: R FF, G FF, B FF
Trace|Writing image header...
Trace|Width: 32, Height: 10, RowLength: 4
Trace|BPP: 1, PaletteColors: 2, Transaparency: 0
Trace|Writing palette...
Trace|Writing image...
Trace|Image 26 offset is 7586...
Debug|Encoding image 26...
Trace|Extracting palette...
Trace|Palette item 0: R 00, G 00, B 00
Trace|Palette item 1: R FF, G FF, B FF
Trace|Writing image header...
Trace|Width: 32, Height: 10, RowLength: 4
Trace|BPP: 1, PaletteColors: 2, Transaparency: 0
Trace|Writing palette...
Trace|Writing image...
Trace|Image 27 offset is 7650...
Debug|Encoding image 27...
Trace|Extracting palette...
Trace|Palette item 0: R 00, G 00, B 00
Trace|Palette item 1: R FF, G FF, B FF
Trace|Writing image header...
Trace|Width: 32, Height: 10, RowLength: 4
Trace|BPP: 1, PaletteColors: 2, Transaparency: 0
Trace|Writing palette...
Trace|Writing image...
Trace|Image 28 offset is 7714...
Debug|Encoding image 28...
Trace|Extracting palette...
Trace|Palette item 0: R 00, G 00, B 00
Trace|Palette item 1: R FF, G FF, B FF
Trace|Writing image header...
Trace|Width: 32, Height: 10, RowLength: 4
Trace|BPP: 1, PaletteColors: 2, Transaparency: 0
Trace|Writing palette...
Trace|Writing image...
Trace|Image 29 offset is 7778...
Debug|Encoding image 29...
Trace|Extracting palette...
Trace|Palette item 0: R 00, G 00, B 00
Trace|Palette item 1: R FF, G FF, B FF
Trace|Writing image header...
Trace|Width: 32, Height: 10, RowLength: 4
Trace|BPP: 1, PaletteColors: 2, Transaparency: 0
Trace|Writing palette...
Trace|Writing image...
Trace|Image 30 offset is 7842...
Debug|Encoding image 30...
Trace|Extracting palette...
Trace|Palette item 0: R FF, G FF, B FF
Trace|Palette item 1: R 00, G 00, B 00
Trace|Writing image header...
Trace|Width: 6, Height: 10, RowLength: 1
Trace|BPP: 1, PaletteColors: 2, Transaparency: 0
Trace|Writing palette...
Trace|Writing image...
Trace|Image 31 offset is 7876...
Debug|Encoding image 31...
Trace|Extracting palette...
Trace|Palette item 0: R 00, G 00, B 00
Trace|Palette item 1: R FF, G FF, B FF
Trace|Writing image header...
Trace|Width: 6, Height: 10, RowLength: 1
Trace|BPP: 1, PaletteColors: 2, Transaparency: 0
Trace|Writing palette...
Trace|Writing image...
Trace|Image 32 offset is 7910...
Debug|Encoding image 32...
Trace|Extracting palette...
Trace|Palette item 0: R FF, G FF, B FF
Trace|Palette item 1: R 00, G 00, B 00
Trace|Writing image header...
Trace|Width: 3, Height: 3, RowLength: 1
Trace|BPP: 1, PaletteColors: 2, Transaparency: 0
Trace|Writing palette...
Trace|Writing image...
Trace|Image 33 offset is 7937...
Debug|Encoding image 33...
Trace|Extracting palette...
Trace|Palette item 0: R 00, G 00, B 00
Trace|Palette item 1: R FF, G FF, B FF
Trace|Writing image header...
Trace|Width: 10, Height: 10, RowLength: 2
Trace|BPP: 1, PaletteColors: 2, Transaparency: 0
Trace|Writing palette...
Trace|Writing image...
Trace|Image 34 offset is 7981...
Debug|Encoding image 34...
Trace|Extracting palette...
Trace|Palette item 0: R FF, G FF, B FF
Trace|Writing image header...
Trace|Width: 10, Height: 10, RowLength: 2
Trace|BPP: 1, PaletteColors: 1, Transaparency: 0
Trace|Writing palette...
Trace|Writing image...
Trace|Image 35 offset is 8021...
Debug|Encoding image 35...
Trace|Extracting palette...
Trace|Palette item 0: R 00, G 00, B 00
Trace|Palette item 1: R FF, G FF, B FF
Trace|Writing image header...
Trace|Width: 10, Height: 10, RowLength: 2
Trace|BPP: 1, PaletteColors: 2, Transaparency: 0
Trace|Writing palette...
Trace|Writing image...
Trace|Image 36 offset is 8065...
Debug|Encoding image 36...
Trace|Extracting palette...
Trace|Palette item 0: R FF, G FF, B FF
Trace|Writing image header...
Trace|Width: 13, Height: 6, RowLength: 2
Trace|BPP: 1, PaletteColors: 1, Transaparency: 0
Trace|Writing palette...
Trace|Writing image...
Trace|Image 37 offset is 8097...
Debug|Encoding image 37...
Trace|Extracting palette...
Trace|Palette item 0: R FF, G FF, B FF
Trace|Palette item 1: R 00, G 00, B 00
Trace|Writing image header...
Trace|Width: 13, Height: 6, RowLength: 2
Trace|BPP: 1, PaletteColors: 2, Transaparency: 0
Trace|Writing palette...
Trace|Writing image...
Trace|Image 38 offset is 8133...
Debug|Encoding image 38...
Trace|Extracting palette...
Trace|Palette item 0: R FF, G FF, B FF
Trace|Palette item 1: R 00, G 00, B 00
Trace|Writing image header...
Trace|Width: 13, Height: 6, RowLength: 2
Trace|BPP: 1, PaletteColors: 2, Transaparency: 0
Trace|Writing palette...
Trace|Writing image...
Trace|Image 39 offset is 8169...
Debug|Encoding image 39...
Trace|Extracting palette...
Trace|Palette item 0: R FF, G FF, B FF
Trace|Palette item 1: R 00, G 00, B 00
Trace|Writing image header...
Trace|Width: 13, Height: 6, RowLength: 2
Trace|BPP: 1, PaletteColors: 2, Transaparency: 0
Trace|Writing palette...
Trace|Writing image...
Trace|Image 40 offset is 8205...
Debug|Encoding image 40...
Trace|Extracting palette...
Trace|Palette item 0: R FF, G FF, B FF
Trace|Palette item 1: R 00, G 00, B 00
Trace|Writing image header...
Trace|Width: 13, Height: 6, RowLength: 2
Trace|BPP: 1, PaletteColors: 2, Transaparency: 0
Trace|Writing palette...
Trace|Writing image...
Trace|Image 41 offset is 8241...
Debug|Encoding image 41...
Trace|Extracting palette...
Trace|Palette item 0: R FF, G FF, B FF
Trace|Palette item 1: R 00, G 00, B 00
Trace|Writing image header...
Trace|Width: 13, Height: 6, RowLength: 2
Trace|BPP: 1, PaletteColors: 2, Transaparency: 0
Trace|Writing palette...
Trace|Writing image...
Trace|Image 42 offset is 8277...
Debug|Encoding image 42...
Trace|Extracting palette...
Trace|Palette item 0: R FF, G FF, B FF
Trace|Palette item 1: R 00, G 00, B 00
Trace|Writing image header...
Trace|Width: 13, Height: 6, RowLength: 2
Trace|BPP: 1, PaletteColors: 2, Transaparency: 0
Trace|Writing palette...
Trace|Writing image...
Trace|Writing images offsets table
Debug|Writing images
