Debug|Reading config...
Debug|Reading referenced images from '\\VBOXSVR\htdocs\amazfitbip\test-bip\new_digital'
Trace|Loading images for 2 'Background'
Trace|Loading images for 2.1 'Image'
Trace|Loading image 0...
Trace|Image was loaded from file \\VBOXSVR\htdocs\amazfitbip\test-bip\new_digital\000.png
Trace|Loading images for 3 'Time'
Trace|Loading images for 3.1 'TwoDigits'
Trace|Loading images for 3.1.1 'ImageSet'
Trace|Loading image 1...
Trace|Image was loaded from file \\VBOXSVR\htdocs\amazfitbip\test-bip\new_digital\004.png
Trace|Loading image 2...
Trace|Image was loaded from file \\VBOXSVR\htdocs\amazfitbip\test-bip\new_digital\005.png
Trace|Loading image 3...
Trace|Image was loaded from file \\VBOXSVR\htdocs\amazfitbip\test-bip\new_digital\006.png
Trace|Loading image 4...
Trace|Image was loaded from file \\VBOXSVR\htdocs\amazfitbip\test-bip\new_digital\007.png
Trace|Loading image 5...
Trace|Image was loaded from file \\VBOXSVR\htdocs\amazfitbip\test-bip\new_digital\008.png
Trace|Loading image 6...
Trace|Image was loaded from file \\VBOXSVR\htdocs\amazfitbip\test-bip\new_digital\009.png
Trace|Loading image 7...
Trace|Image was loaded from file \\VBOXSVR\htdocs\amazfitbip\test-bip\new_digital\010.png
Trace|Loading image 8...
Trace|Image was loaded from file \\VBOXSVR\htdocs\amazfitbip\test-bip\new_digital\011.png
Trace|Loading image 9...
Trace|Image was loaded from file \\VBOXSVR\htdocs\amazfitbip\test-bip\new_digital\012.png
Trace|Loading image 10...
Trace|Image was loaded from file \\VBOXSVR\htdocs\amazfitbip\test-bip\new_digital\013.png
Trace|Loading images for 3.1.2 'ImageSet'
Trace|Loading images for 3.2 'TwoDigits'
Trace|Loading images for 3.2.1 'ImageSet'
Trace|Loading images for 3.2.2 'ImageSet'
Trace|Loading images for 4 'Activity'
Trace|Loading images for 4.1 'Number'
Trace|Loading images for 4.1.5 'TextAlignment'
Trace|Loading image 11...
Trace|Image was loaded from file \\VBOXSVR\htdocs\amazfitbip\test-bip\new_digital\016.png
Trace|Loading image 12...
Trace|Image was loaded from file \\VBOXSVR\htdocs\amazfitbip\test-bip\new_digital\017.png
Trace|Loading image 13...
Trace|Image was loaded from file \\VBOXSVR\htdocs\amazfitbip\test-bip\new_digital\018.png
Trace|Loading image 14...
Trace|Image was loaded from file \\VBOXSVR\htdocs\amazfitbip\test-bip\new_digital\019.png
Trace|Loading image 15...
Trace|Image was loaded from file \\VBOXSVR\htdocs\amazfitbip\test-bip\new_digital\020.png
Trace|Loading image 16...
Trace|Image was loaded from file \\VBOXSVR\htdocs\amazfitbip\test-bip\new_digital\021.png
Trace|Loading image 17...
Trace|Image was loaded from file \\VBOXSVR\htdocs\amazfitbip\test-bip\new_digital\022.png
Trace|Loading image 18...
Trace|Image was loaded from file \\VBOXSVR\htdocs\amazfitbip\test-bip\new_digital\023.png
Trace|Loading image 19...
Trace|Image was loaded from file \\VBOXSVR\htdocs\amazfitbip\test-bip\new_digital\024.png
Trace|Loading image 20...
Trace|Image was loaded from file \\VBOXSVR\htdocs\amazfitbip\test-bip\new_digital\025.png
Trace|Loading images for 4.4 'Number'
Trace|Loading images for 4.4.5 'TextAlignment'
Trace|Loading images for 4.5 'FormattedNumber'
Trace|Loading images for 4.5.1 'Number'
Trace|Loading images for 4.5.1.5 'TextAlignment'
Trace|Loading image 21...
Trace|Image was loaded from file \\VBOXSVR\htdocs\amazfitbip\test-bip\new_digital\026.png
Trace|Loading image 22...
Trace|Image was loaded from file \\VBOXSVR\htdocs\amazfitbip\test-bip\new_digital\027.png
Trace|Loading images for 5 'Date'
Trace|Loading images for 5.1 'MonthAndDay'
Trace|Loading images for 5.1.1 'SeparateMonthAndDay'
Trace|Loading images for 5.1.1.1 'Number'
Trace|Loading images for 5.1.1.1.5 'TextAlignment'
Trace|Loading images for 5.1.1.3 'Number'
Trace|Loading images for 5.1.1.3.5 'TextAlignment'
Trace|Loading images for 5.1.3 'Boolean'
Trace|Loading images for 5.1.4 'Boolean'
Trace|Loading images for 5.2 'ImageSet'
Trace|Loading image 23...
Trace|Image was loaded from file \\VBOXSVR\htdocs\amazfitbip\test-bip\new_digital\028.png
Trace|Loading image 24...
Trace|Image was loaded from file \\VBOXSVR\htdocs\amazfitbip\test-bip\new_digital\029.png
Trace|Loading image 25...
Trace|Image was loaded from file \\VBOXSVR\htdocs\amazfitbip\test-bip\new_digital\030.png
Trace|Loading image 26...
Trace|Image was loaded from file \\VBOXSVR\htdocs\amazfitbip\test-bip\new_digital\031.png
Trace|Loading image 27...
Trace|Image was loaded from file \\VBOXSVR\htdocs\amazfitbip\test-bip\new_digital\032.png
Trace|Loading image 28...
Trace|Image was loaded from file \\VBOXSVR\htdocs\amazfitbip\test-bip\new_digital\033.png
Trace|Loading image 29...
Trace|Image was loaded from file \\VBOXSVR\htdocs\amazfitbip\test-bip\new_digital\034.png
Trace|Loading images for 6 'Weather'
Trace|Loading images for 6.1 'WeatherIcon'
Trace|Loading images for 6.1.2 'CustomWeatherIcon'
Trace|Loading image 30...
Trace|Image was loaded from file \\VBOXSVR\htdocs\amazfitbip\test-bip\new_digital\035.png
Trace|Loading image 31...
Trace|Image was loaded from file \\VBOXSVR\htdocs\amazfitbip\test-bip\new_digital\036.png
Trace|Loading image 32...
Trace|Image was loaded from file \\VBOXSVR\htdocs\amazfitbip\test-bip\new_digital\037.png
Trace|Loading image 33...
Trace|Image was loaded from file \\VBOXSVR\htdocs\amazfitbip\test-bip\new_digital\038.png
Trace|Loading image 34...
Trace|Image was loaded from file \\VBOXSVR\htdocs\amazfitbip\test-bip\new_digital\039.png
Trace|Loading image 35...
Trace|Image was loaded from file \\VBOXSVR\htdocs\amazfitbip\test-bip\new_digital\040.png
Trace|Loading image 36...
Trace|Image was loaded from file \\VBOXSVR\htdocs\amazfitbip\test-bip\new_digital\041.png
Trace|Loading image 37...
Trace|Image was loaded from file \\VBOXSVR\htdocs\amazfitbip\test-bip\new_digital\042.png
Trace|Loading image 38...
Trace|Image was loaded from file \\VBOXSVR\htdocs\amazfitbip\test-bip\new_digital\043.png
Trace|Loading image 39...
Trace|Image was loaded from file \\VBOXSVR\htdocs\amazfitbip\test-bip\new_digital\044.png
Trace|Loading image 40...
Trace|Image was loaded from file \\VBOXSVR\htdocs\amazfitbip\test-bip\new_digital\045.png
Trace|Loading image 41...
Trace|Image was loaded from file \\VBOXSVR\htdocs\amazfitbip\test-bip\new_digital\046.png
Trace|Loading image 42...
Trace|Image was loaded from file \\VBOXSVR\htdocs\amazfitbip\test-bip\new_digital\047.png
Trace|Loading image 43...
Trace|Image was loaded from file \\VBOXSVR\htdocs\amazfitbip\test-bip\new_digital\048.png
Trace|Loading image 44...
Trace|Image was loaded from file \\VBOXSVR\htdocs\amazfitbip\test-bip\new_digital\049.png
Trace|Loading image 45...
Trace|Image was loaded from file \\VBOXSVR\htdocs\amazfitbip\test-bip\new_digital\050.png
Trace|Loading image 46...
Trace|Image was loaded from file \\VBOXSVR\htdocs\amazfitbip\test-bip\new_digital\051.png
Trace|Loading image 47...
Trace|Image was loaded from file \\VBOXSVR\htdocs\amazfitbip\test-bip\new_digital\052.png
Trace|Loading image 48...
Trace|Image was loaded from file \\VBOXSVR\htdocs\amazfitbip\test-bip\new_digital\053.png
Trace|Loading image 49...
Trace|Image was loaded from file \\VBOXSVR\htdocs\amazfitbip\test-bip\new_digital\054.png
Trace|Loading image 50...
Trace|Image was loaded from file \\VBOXSVR\htdocs\amazfitbip\test-bip\new_digital\055.png
Trace|Loading image 51...
Trace|Image was loaded from file \\VBOXSVR\htdocs\amazfitbip\test-bip\new_digital\056.png
Trace|Loading image 52...
Trace|Image was loaded from file \\VBOXSVR\htdocs\amazfitbip\test-bip\new_digital\057.png
Trace|Loading image 53...
Trace|Image was loaded from file \\VBOXSVR\htdocs\amazfitbip\test-bip\new_digital\058.png
Trace|Loading image 54...
Trace|Image was loaded from file \\VBOXSVR\htdocs\amazfitbip\test-bip\new_digital\059.png
Trace|Loading image 55...
Trace|Image was loaded from file \\VBOXSVR\htdocs\amazfitbip\test-bip\new_digital\060.png
Trace|Loading images for 6.2 'Temperature'
Trace|Loading images for 6.2.1 'TemperatureNumber'
Trace|Loading images for 6.2.1.1 'Number'
Trace|Loading images for 6.2.1.1.5 'TextAlignment'
Trace|Loading image 56...
Trace|Image was loaded from file \\VBOXSVR\htdocs\amazfitbip\test-bip\new_digital\061.png
Trace|Loading image 57...
Trace|Image was loaded from file \\VBOXSVR\htdocs\amazfitbip\test-bip\new_digital\062.png
Trace|Loading images for 6.2.2 'TodayTemperature'
Trace|Loading images for 6.2.2.1 'SeparateTemperature'
Trace|Loading images for 6.2.2.1.1 'TemperatureNumber'
Trace|Loading images for 6.2.2.1.1.1 'Number'
Trace|Loading images for 6.2.2.1.1.1.5 'TextAlignment'
Trace|Loading images for 6.2.2.1.2 'TemperatureNumber'
Trace|Loading images for 6.2.2.1.2.1 'Number'
Trace|Loading images for 6.2.2.1.2.1.5 'TextAlignment'
Trace|Loading images for 8 'Status'
Trace|Loading images for 8.1 'Switch'
Trace|Loading images for 8.1.1 'Coordinates'
Trace|Loading image 58...
Trace|Image was loaded from file \\VBOXSVR\htdocs\amazfitbip\test-bip\new_digital\9065.png
Warn|Dithering applied for an image. Resource in watch face will use only supported colors. You can't get back original image by unpacking watch face.
Trace|Loading image 59...
Trace|Image was loaded from file \\VBOXSVR\htdocs\amazfitbip\test-bip\new_digital\9066.png
Trace|Loading images for 8.2 'Switch'
Trace|Loading images for 8.2.1 'Coordinates'
Trace|Loading image 60...
Trace|Image was loaded from file \\VBOXSVR\htdocs\amazfitbip\test-bip\new_digital\9067.png
Warn|Dithering applied for an image. Resource in watch face will use only supported colors. You can't get back original image by unpacking watch face.
Trace|Loading images for 8.4 'Switch'
Trace|Loading images for 8.4.1 'Coordinates'
Trace|Loading image 61...
Trace|Image was loaded from file \\VBOXSVR\htdocs\amazfitbip\test-bip\new_digital\9064.png
Trace|Loading images for 9 'Battery'
Trace|Loading images for 9.3 'Scale'
Trace|Loading image 62...
Trace|Image was loaded from file \\VBOXSVR\htdocs\amazfitbip\test-bip\new_digital\9068.png
Trace|Loading image 63...
Trace|Image was loaded from file \\VBOXSVR\htdocs\amazfitbip\test-bip\new_digital\9069.png
Trace|Loading image 64...
Trace|Image was loaded from file \\VBOXSVR\htdocs\amazfitbip\test-bip\new_digital\9070.png
Trace|Loading image 65...
Trace|Image was loaded from file \\VBOXSVR\htdocs\amazfitbip\test-bip\new_digital\9071.png
Trace|Loading image 66...
Trace|Image was loaded from file \\VBOXSVR\htdocs\amazfitbip\test-bip\new_digital\9072.png
Trace|Loading image 67...
Trace|Image was loaded from file \\VBOXSVR\htdocs\amazfitbip\test-bip\new_digital\9073.png
Trace|Loading image 68...
Trace|Image was loaded from file \\VBOXSVR\htdocs\amazfitbip\test-bip\new_digital\9074.png
Trace|Building parameters for watch face...
Trace|2 'Background'
Trace|2.1 'Image'
Trace|2.1.1 'X': 0
Trace|2.1.2 'Y': 0
Trace|2.1.3 'ImageIndex': 0
Trace|3 'Time'
Trace|3.1 'TwoDigits'
Trace|3.1.1 'ImageSet'
Trace|3.1.1.1 'X': 10
Trace|3.1.1.2 'Y': 65
Trace|3.1.1.3 'ImageIndex': 1
Trace|3.1.1.4 'ImagesCount': 10
Trace|3.1.2 'ImageSet'
Trace|3.1.2.1 'X': 48
Trace|3.1.2.2 'Y': 65
Trace|3.1.2.3 'ImageIndex': 1
Trace|3.1.2.4 'ImagesCount': 10
Trace|3.2 'TwoDigits'
Trace|3.2.1 'ImageSet'
Trace|3.2.1.1 'X': 97
Trace|3.2.1.2 'Y': 65
Trace|3.2.1.3 'ImageIndex': 1
Trace|3.2.1.4 'ImagesCount': 10
Trace|3.2.2 'ImageSet'
Trace|3.2.2.1 'X': 135
Trace|3.2.2.2 'Y': 65
Trace|3.2.2.3 'ImageIndex': 1
Trace|3.2.2.4 'ImagesCount': 10
Trace|4 'Activity'
Trace|4.1 'Number'
Trace|4.1.1 'TopLeftX': 121
Trace|4.1.2 'TopLeftY': 151
Trace|4.1.3 'BottomRightX': 168
Trace|4.1.4 'BottomRightY': 164
Trace|4.1.5 'Alignment': 18
Trace|4.1.6 'Spacing': 2
Trace|4.1.7 'ImageIndex': 11
Trace|4.1.8 'ImagesCount': 10
Trace|4.4 'Number'
Trace|4.4.1 'TopLeftX': 11
Trace|4.4.2 'TopLeftY': 152
Trace|4.4.3 'BottomRightX': 38
Trace|4.4.4 'BottomRightY': 165
Trace|4.4.5 'Alignment': 72
Trace|4.4.6 'Spacing': 2
Trace|4.4.7 'ImageIndex': 11
Trace|4.4.8 'ImagesCount': 10
Trace|4.5 'FormattedNumber'
Trace|4.5.1 'Number'
Trace|4.5.1.1 'TopLeftX': 58
Trace|4.5.1.2 'TopLeftY': 133
Trace|4.5.1.3 'BottomRightX': 113
Trace|4.5.1.4 'BottomRightY': 146
Trace|4.5.1.5 'Alignment': 72
Trace|4.5.1.6 'Spacing': 2
Trace|4.5.1.7 'ImageIndex': 11
Trace|4.5.1.8 'ImagesCount': 10
Trace|4.5.2 'SuffixImageIndex': 21
Trace|4.5.3 'DecimalPointImageIndex': 22
Trace|5 'Date'
Trace|5.1 'MonthAndDay'
Trace|5.1.1 'SeparateMonthAndDay'
Trace|5.1.1.1 'Number'
Trace|5.1.1.1.1 'TopLeftX': 48
Trace|5.1.1.1.2 'TopLeftY': 36
Trace|5.1.1.1.3 'BottomRightX': 65
Trace|5.1.1.1.4 'BottomRightY': 49
Trace|5.1.1.1.5 'Alignment': 18
Trace|5.1.1.1.6 'Spacing': 2
Trace|5.1.1.1.7 'ImageIndex': 11
Trace|5.1.1.1.8 'ImagesCount': 10
Trace|5.1.1.3 'Number'
Trace|5.1.1.3.1 'TopLeftX': 81
Trace|5.1.1.3.2 'TopLeftY': 36
Trace|5.1.1.3.3 'BottomRightX': 98
Trace|5.1.1.3.4 'BottomRightY': 49
Trace|5.1.1.3.5 'Alignment': 18
Trace|5.1.1.3.6 'Spacing': 2
Trace|5.1.1.3.7 'ImageIndex': 11
Trace|5.1.1.3.8 'ImagesCount': 10
Trace|5.1.3 'TwoDigitsMonth': 1
Trace|5.1.4 'TwoDigitsDay': 1
Trace|5.2 'ImageSet'
Trace|5.2.1 'X': 12
Trace|5.2.2 'Y': 36
Trace|5.2.3 'ImageIndex': 23
Trace|5.2.4 'ImagesCount': 7
Trace|6 'Weather'
Trace|6.1 'WeatherIcon'
Trace|6.1.2 'CustomWeatherIcon'
Trace|6.1.2.1 'X': 120
Trace|6.1.2.2 'Y': 5
Trace|6.1.2.3 'ImageIndex': 30
Trace|6.1.2.4 'ImagesCount': 26
Trace|6.2 'Temperature'
Trace|6.2.1 'TemperatureNumber'
Trace|6.2.1.1 'Number'
Trace|6.2.1.1.1 'TopLeftX': 113
Trace|6.2.1.1.2 'TopLeftY': 36
Trace|6.2.1.1.3 'BottomRightX': 143
Trace|6.2.1.1.4 'BottomRightY': 49
Trace|6.2.1.1.5 'Alignment': 20
Trace|6.2.1.1.6 'Spacing': 2
Trace|6.2.1.1.7 'ImageIndex': 11
Trace|6.2.1.1.8 'ImagesCount': 10
Trace|6.2.1.2 'MinusImageIndex': 56
Trace|6.2.1.3 'DegreesImageIndex': 57
Trace|6.2.2 'TodayTemperature'
Trace|6.2.2.1 'SeparateTemperature'
Trace|6.2.2.1.1 'TemperatureNumber'
Trace|6.2.2.1.1.1 'Number'
Trace|6.2.2.1.1.1.1 'TopLeftX': 9
Trace|6.2.2.1.1.1.2 'TopLeftY': 9
Trace|6.2.2.1.1.1.3 'BottomRightX': 39
Trace|6.2.2.1.1.1.4 'BottomRightY': 22
Trace|6.2.2.1.1.1.5 'Alignment': 20
Trace|6.2.2.1.1.1.6 'Spacing': 2
Trace|6.2.2.1.1.1.7 'ImageIndex': 11
Trace|6.2.2.1.1.1.8 'ImagesCount': 10
Trace|6.2.2.1.1.2 'MinusImageIndex': 56
Trace|6.2.2.1.1.3 'DegreesImageIndex': 57
Trace|6.2.2.1.2 'TemperatureNumber'
Trace|6.2.2.1.2.1 'Number'
Trace|6.2.2.1.2.1.1 'TopLeftX': 57
Trace|6.2.2.1.2.1.2 'TopLeftY': 9
Trace|6.2.2.1.2.1.3 'BottomRightX': 87
Trace|6.2.2.1.2.1.4 'BottomRightY': 22
Trace|6.2.2.1.2.1.5 'Alignment': 20
Trace|6.2.2.1.2.1.6 'Spacing': 2
Trace|6.2.2.1.2.1.7 'ImageIndex': 11
Trace|6.2.2.1.2.1.8 'ImagesCount': 10
Trace|6.2.2.1.2.2 'MinusImageIndex': 56
Trace|6.2.2.1.2.3 'DegreesImageIndex': 57
Trace|8 'Status'
Trace|8.1 'Switch'
Trace|8.1.1 'Coordinates'
Trace|8.1.1.1 'X': 159
Trace|8.1.1.2 'Y': 27
Trace|8.1.2 'ImageIndexOn': 58
Trace|8.1.3 'ImageIndexOff': 59
Trace|8.2 'Switch'
Trace|8.2.1 'Coordinates'
Trace|8.2.1.1 'X': 159
Trace|8.2.1.2 'Y': 39
Trace|8.2.2 'ImageIndexOn': 60
Trace|8.4 'Switch'
Trace|8.4.1 'Coordinates'
Trace|8.4.1.1 'X': 147
Trace|8.4.1.2 'Y': 39
Trace|8.4.2 'ImageIndexOn': 61
Trace|9 'Battery'
Trace|9.3 'Scale'
Trace|9.3.1 'StartImageIndex': 62
Trace|9.3.2 'Coordinates'
Trace|9.3.2.1 'X': 161
Trace|9.3.2.2 'Y': 10
Trace|9.3.2 'Coordinates'
Trace|9.3.2.1 'X': 161
Trace|9.3.2.2 'Y': 10
Trace|9.3.2 'Coordinates'
Trace|9.3.2.1 'X': 161
Trace|9.3.2.2 'Y': 10
Trace|9.3.2 'Coordinates'
Trace|9.3.2.1 'X': 161
Trace|9.3.2.2 'Y': 10
Trace|9.3.2 'Coordinates'
Trace|9.3.2.1 'X': 161
Trace|9.3.2.2 'Y': 10
Trace|9.3.2 'Coordinates'
Trace|9.3.2.1 'X': 161
Trace|9.3.2.2 'Y': 10
Trace|9.3.2 'Coordinates'
Trace|9.3.2.1 'X': 161
Trace|9.3.2.2 'Y': 10
Debug|Generating preview...
Debug|Writing watch face to '\\VBOXSVR\htdocs\amazfitbip\test-bip\new_digital\digital_v1_packed.bin'
Trace|Encoding parameters...
Trace|Parameter: 2
Trace|1 (0A):
Trace|    1 (08): 0 (00)
Trace|    2 (10): 0 (00)
Trace|    3 (18): 0 (00)
Trace|8 bytes
Trace|Parameter: 3
Trace|1 (0A):
Trace|    1 (0A):
Trace|        1 (08): 10 (0A)
Trace|        2 (10): 65 (41)
Trace|        3 (18): 1 (01)
Trace|        4 (20): 10 (0A)
Trace|    10 bytes
Trace|    2 (12):
Trace|        1 (08): 48 (30)
Trace|        2 (10): 65 (41)
Trace|        3 (18): 1 (01)
Trace|        4 (20): 10 (0A)
Trace|    10 bytes
Trace|22 bytes
Trace|2 (12):
Trace|    1 (0A):
Trace|        1 (08): 97 (61)
Trace|        2 (10): 65 (41)
Trace|        3 (18): 1 (01)
Trace|        4 (20): 10 (0A)
Trace|    10 bytes
Trace|    2 (12):
Trace|        1 (08): 135 (87)
Trace|        2 (10): 65 (41)
Trace|        3 (18): 1 (01)
Trace|        4 (20): 10 (0A)
Trace|    11 bytes
Trace|23 bytes
Trace|Parameter: 4
Trace|1 (0A):
Trace|    1 (08): 121 (79)
Trace|    2 (10): 151 (97)
Trace|    3 (18): 168 (A8)
Trace|    4 (20): 164 (A4)
Trace|    5 (28): 18 (12)
Trace|    6 (30): 2 (02)
Trace|    7 (38): 11 (0B)
Trace|    8 (40): 10 (0A)
Trace|21 bytes
Trace|4 (22):
Trace|    1 (08): 11 (0B)
Trace|    2 (10): 152 (98)
Trace|    3 (18): 38 (26)
Trace|    4 (20): 165 (A5)
Trace|    5 (28): 72 (48)
Trace|    6 (30): 2 (02)
Trace|    7 (38): 11 (0B)
Trace|    8 (40): 10 (0A)
Trace|20 bytes
Trace|5 (2A):
Trace|    1 (0A):
Trace|        1 (08): 58 (3A)
Trace|        2 (10): 133 (85)
Trace|        3 (18): 113 (71)
Trace|        4 (20): 146 (92)
Trace|        5 (28): 72 (48)
Trace|        6 (30): 2 (02)
Trace|        7 (38): 11 (0B)
Trace|        8 (40): 10 (0A)
Trace|    20 bytes
Trace|    2 (10): 21 (15)
Trace|    3 (18): 22 (16)
Trace|26 bytes
Trace|Parameter: 5
Trace|1 (0A):
Trace|    1 (0A):
Trace|        1 (0A):
Trace|            1 (08): 48 (30)
Trace|            2 (10): 36 (24)
Trace|            3 (18): 65 (41)
Trace|            4 (20): 49 (31)
Trace|            5 (28): 18 (12)
Trace|            6 (30): 2 (02)
Trace|            7 (38): 11 (0B)
Trace|            8 (40): 10 (0A)
Trace|        18 bytes
Trace|        3 (1A):
Trace|            1 (08): 81 (51)
Trace|            2 (10): 36 (24)
Trace|            3 (18): 98 (62)
Trace|            4 (20): 49 (31)
Trace|            5 (28): 18 (12)
Trace|            6 (30): 2 (02)
Trace|            7 (38): 11 (0B)
Trace|            8 (40): 10 (0A)
Trace|        18 bytes
Trace|    38 bytes
Trace|    3 (18): 1 (01)
Trace|    4 (20): 1 (01)
Trace|44 bytes
Trace|2 (12):
Trace|    1 (08): 12 (0C)
Trace|    2 (10): 36 (24)
Trace|    3 (18): 23 (17)
Trace|    4 (20): 7 (07)
Trace|10 bytes
Trace|Parameter: 6
Trace|1 (0A):
Trace|    2 (12):
Trace|        1 (08): 120 (78)
Trace|        2 (10): 5 (05)
Trace|        3 (18): 30 (1E)
Trace|        4 (20): 26 (1A)
Trace|    10 bytes
Trace|12 bytes
Trace|2 (12):
Trace|    1 (0A):
Trace|        1 (0A):
Trace|            1 (08): 113 (71)
Trace|            2 (10): 36 (24)
Trace|            3 (18): 143 (8F)
Trace|            4 (20): 49 (31)
Trace|            5 (28): 20 (14)
Trace|            6 (30): 2 (02)
Trace|            7 (38): 11 (0B)
Trace|            8 (40): 10 (0A)
Trace|        19 bytes
Trace|        2 (10): 56 (38)
Trace|        3 (18): 57 (39)
Trace|    25 bytes
Trace|    2 (12):
Trace|        1 (0A):
Trace|            1 (0A):
Trace|                1 (0A):
Trace|                    1 (08): 9 (09)
Trace|                    2 (10): 9 (09)
Trace|                    3 (18): 39 (27)
Trace|                    4 (20): 22 (16)
Trace|                    5 (28): 20 (14)
Trace|                    6 (30): 2 (02)
Trace|                    7 (38): 11 (0B)
Trace|                    8 (40): 10 (0A)
Trace|                18 bytes
Trace|                2 (10): 56 (38)
Trace|                3 (18): 57 (39)
Trace|            24 bytes
Trace|            2 (12):
Trace|                1 (0A):
Trace|                    1 (08): 57 (39)
Trace|                    2 (10): 9 (09)
Trace|                    3 (18): 87 (57)
Trace|                    4 (20): 22 (16)
Trace|                    5 (28): 20 (14)
Trace|                    6 (30): 2 (02)
Trace|                    7 (38): 11 (0B)
Trace|                    8 (40): 10 (0A)
Trace|                18 bytes
Trace|                2 (10): 56 (38)
Trace|                3 (18): 57 (39)
Trace|            24 bytes
Trace|        50 bytes
Trace|    52 bytes
Trace|79 bytes
Trace|Parameter: 8
Trace|1 (0A):
Trace|    1 (0A):
Trace|        1 (08): 159 (9F)
Trace|        2 (10): 27 (1B)
Trace|    7 bytes
Trace|    2 (10): 58 (3A)
Trace|    3 (18): 59 (3B)
Trace|13 bytes
Trace|2 (12):
Trace|    1 (0A):
Trace|        1 (08): 159 (9F)
Trace|        2 (10): 39 (27)
Trace|    7 bytes
Trace|    2 (10): 60 (3C)
Trace|11 bytes
Trace|4 (22):
Trace|    1 (0A):
Trace|        1 (08): 147 (93)
Trace|        2 (10): 39 (27)
Trace|    7 bytes
Trace|    2 (10): 61 (3D)
Trace|11 bytes
Trace|Parameter: 9
Trace|3 (1A):
Trace|    1 (08): 62 (3E)
Trace|    2 (12):
Trace|        1 (08): 161 (A1)
Trace|        2 (10): 10 (0A)
Trace|    7 bytes
Trace|    2 (12):
Trace|        1 (08): 161 (A1)
Trace|        2 (10): 10 (0A)
Trace|    7 bytes
Trace|    2 (12):
Trace|        1 (08): 161 (A1)
Trace|        2 (10): 10 (0A)
Trace|    7 bytes
Trace|    2 (12):
Trace|        1 (08): 161 (A1)
Trace|        2 (10): 10 (0A)
Trace|    7 bytes
Trace|    2 (12):
Trace|        1 (08): 161 (A1)
Trace|        2 (10): 10 (0A)
Trace|    7 bytes
Trace|    2 (12):
Trace|        1 (08): 161 (A1)
Trace|        2 (10): 10 (0A)
Trace|    7 bytes
Trace|    2 (12):
Trace|        1 (08): 161 (A1)
Trace|        2 (10): 10 (0A)
Trace|    7 bytes
Trace|53 bytes
Trace|Encoding offsets and lengths...
Trace|1 (0A):
Trace|    1 (08): 353 (161)
Trace|    2 (10): 69 (45)
Trace|7 bytes
Trace|2 (12):
Trace|    1 (08): 0 (00)
Trace|    2 (10): 8 (08)
Trace|6 bytes
Trace|3 (1A):
Trace|    1 (08): 8 (08)
Trace|    2 (10): 45 (2D)
Trace|6 bytes
Trace|4 (22):
Trace|    1 (08): 53 (35)
Trace|    2 (10): 67 (43)
Trace|6 bytes
Trace|5 (2A):
Trace|    1 (08): 120 (78)
Trace|    2 (10): 54 (36)
Trace|6 bytes
Trace|6 (32):
Trace|    1 (08): 174 (AE)
Trace|    2 (10): 91 (5B)
Trace|7 bytes
Trace|8 (42):
Trace|    1 (08): 265 (109)
Trace|    2 (10): 35 (23)
Trace|7 bytes
Trace|9 (4A):
Trace|    1 (08): 300 (12C)
Trace|    2 (10): 53 (35)
Trace|7 bytes
Trace|Writing header...
Trace|Writing parameters offsets and lengths...
Trace|Writing parameters...
Trace|Writing images...
Trace|Image 0 offset is 0...
Debug|Encoding image 0...
Trace|Extracting palette...
Trace|Palette item 0: R 00, G 00, B 00
Trace|Palette item 1: R FF, G FF, B FF
Trace|Palette item 2: R FF, G 00, B 00
Trace|Palette item 3: R 00, G 00, B FF
Trace|Palette item 4: R 00, G FF, B FF
Trace|Writing image header...
Trace|Width: 176, Height: 176, RowLength: 88
Trace|BPP: 4, PaletteColors: 5, Transaparency: 0
Trace|Writing palette...
Trace|Writing image...
Trace|Image 1 offset is 15524...
Debug|Encoding image 1...
Trace|Extracting palette...
Trace|Palette item 0: R 00, G 00, B 00, Transaparent color
Trace|Palette item 1: R 00, G 00, B 00
Trace|Writing image header...
Trace|Width: 29, Height: 51, RowLength: 4
Trace|BPP: 1, PaletteColors: 2, Transaparency: 1
Trace|Writing palette...
Trace|Writing image...
Trace|Image 2 offset is 15752...
Debug|Encoding image 2...
Trace|Extracting palette...
Trace|Palette item 0: R 00, G 00, B 00, Transaparent color
Trace|Palette item 1: R 00, G 00, B 00
Trace|Writing image header...
Trace|Width: 29, Height: 51, RowLength: 4
Trace|BPP: 1, PaletteColors: 2, Transaparency: 1
Trace|Writing palette...
Trace|Writing image...
Trace|Image 3 offset is 15980...
Debug|Encoding image 3...
Trace|Extracting palette...
Trace|Palette item 0: R 00, G 00, B 00, Transaparent color
Trace|Palette item 1: R 00, G 00, B 00
Trace|Writing image header...
Trace|Width: 29, Height: 51, RowLength: 4
Trace|BPP: 1, PaletteColors: 2, Transaparency: 1
Trace|Writing palette...
Trace|Writing image...
Trace|Image 4 offset is 16208...
Debug|Encoding image 4...
Trace|Extracting palette...
Trace|Palette item 0: R 00, G 00, B 00, Transaparent color
Trace|Palette item 1: R 00, G 00, B 00
Trace|Writing image header...
Trace|Width: 29, Height: 51, RowLength: 4
Trace|BPP: 1, PaletteColors: 2, Transaparency: 1
Trace|Writing palette...
Trace|Writing image...
Trace|Image 5 offset is 16436...
Debug|Encoding image 5...
Trace|Extracting palette...
Trace|Palette item 0: R 00, G 00, B 00, Transaparent color
Trace|Palette item 1: R 00, G 00, B 00
Trace|Writing image header...
Trace|Width: 29, Height: 51, RowLength: 4
Trace|BPP: 1, PaletteColors: 2, Transaparency: 1
Trace|Writing palette...
Trace|Writing image...
Trace|Image 6 offset is 16664...
Debug|Encoding image 6...
Trace|Extracting palette...
Trace|Palette item 0: R 00, G 00, B 00, Transaparent color
Trace|Palette item 1: R 00, G 00, B 00
Trace|Writing image header...
Trace|Width: 29, Height: 51, RowLength: 4
Trace|BPP: 1, PaletteColors: 2, Transaparency: 1
Trace|Writing palette...
Trace|Writing image...
Trace|Image 7 offset is 16892...
Debug|Encoding image 7...
Trace|Extracting palette...
Trace|Palette item 0: R 00, G 00, B 00, Transaparent color
Trace|Palette item 1: R 00, G 00, B 00
Trace|Writing image header...
Trace|Width: 29, Height: 51, RowLength: 4
Trace|BPP: 1, PaletteColors: 2, Transaparency: 1
Trace|Writing palette...
Trace|Writing image...
Trace|Image 8 offset is 17120...
Debug|Encoding image 8...
Trace|Extracting palette...
Trace|Palette item 0: R 00, G 00, B 00, Transaparent color
Trace|Palette item 1: R 00, G 00, B 00
Trace|Writing image header...
Trace|Width: 29, Height: 51, RowLength: 4
Trace|BPP: 1, PaletteColors: 2, Transaparency: 1
Trace|Writing palette...
Trace|Writing image...
Trace|Image 9 offset is 17348...
Debug|Encoding image 9...
Trace|Extracting palette...
Trace|Palette item 0: R 00, G 00, B 00, Transaparent color
Trace|Palette item 1: R 00, G 00, B 00
Trace|Writing image header...
Trace|Width: 29, Height: 51, RowLength: 4
Trace|BPP: 1, PaletteColors: 2, Transaparency: 1
Trace|Writing palette...
Trace|Writing image...
Trace|Image 10 offset is 17576...
Debug|Encoding image 10...
Trace|Extracting palette...
Trace|Palette item 0: R 00, G 00, B 00, Transaparent color
Trace|Palette item 1: R 00, G 00, B 00
Trace|Writing image header...
Trace|Width: 29, Height: 51, RowLength: 4
Trace|BPP: 1, PaletteColors: 2, Transaparency: 1
Trace|Writing palette...
Trace|Writing image...
Trace|Image 11 offset is 17804...
Debug|Encoding image 11...
Trace|Extracting palette...
Trace|Palette item 0: R 00, G 00, B 00, Transaparent color
Trace|Palette item 1: R 00, G 00, B 00
Trace|Writing image header...
Trace|Width: 8, Height: 14, RowLength: 1
Trace|BPP: 1, PaletteColors: 2, Transaparency: 1
Trace|Writing palette...
Trace|Writing image...
Trace|Image 12 offset is 17842...
Debug|Encoding image 12...
Trace|Extracting palette...
Trace|Palette item 0: R 00, G 00, B 00, Transaparent color
Trace|Palette item 1: R 00, G 00, B 00
Trace|Writing image header...
Trace|Width: 8, Height: 14, RowLength: 1
Trace|BPP: 1, PaletteColors: 2, Transaparency: 1
Trace|Writing palette...
Trace|Writing image...
Trace|Image 13 offset is 17880...
Debug|Encoding image 13...
Trace|Extracting palette...
Trace|Palette item 0: R 00, G 00, B 00, Transaparent color
Trace|Palette item 1: R 00, G 00, B 00
Trace|Writing image header...
Trace|Width: 8, Height: 14, RowLength: 1
Trace|BPP: 1, PaletteColors: 2, Transaparency: 1
Trace|Writing palette...
Trace|Writing image...
Trace|Image 14 offset is 17918...
Debug|Encoding image 14...
Trace|Extracting palette...
Trace|Palette item 0: R 00, G 00, B 00, Transaparent color
Trace|Palette item 1: R 00, G 00, B 00
Trace|Writing image header...
Trace|Width: 8, Height: 14, RowLength: 1
Trace|BPP: 1, PaletteColors: 2, Transaparency: 1
Trace|Writing palette...
Trace|Writing image...
Trace|Image 15 offset is 17956...
Debug|Encoding image 15...
Trace|Extracting palette...
Trace|Palette item 0: R 00, G 00, B 00, Transaparent color
Trace|Palette item 1: R 00, G 00, B 00
Trace|Writing image header...
Trace|Width: 8, Height: 14, RowLength: 1
Trace|BPP: 1, PaletteColors: 2, Transaparency: 1
Trace|Writing palette...
Trace|Writing image...
Trace|Image 16 offset is 17994...
Debug|Encoding image 16...
Trace|Extracting palette...
Trace|Palette item 0: R 00, G 00, B 00, Transaparent color
Trace|Palette item 1: R 00, G 00, B 00
Trace|Writing image header...
Trace|Width: 8, Height: 14, RowLength: 1
Trace|BPP: 1, PaletteColors: 2, Transaparency: 1
Trace|Writing palette...
Trace|Writing image...
Trace|Image 17 offset is 18032...
Debug|Encoding image 17...
Trace|Extracting palette...
Trace|Palette item 0: R 00, G 00, B 00, Transaparent color
Trace|Palette item 1: R 00, G 00, B 00
Trace|Writing image header...
Trace|Width: 8, Height: 14, RowLength: 1
Trace|BPP: 1, PaletteColors: 2, Transaparency: 1
Trace|Writing palette...
Trace|Writing image...
Trace|Image 18 offset is 18070...
Debug|Encoding image 18...
Trace|Extracting palette...
Trace|Palette item 0: R 00, G 00, B 00, Transaparent color
Trace|Palette item 1: R 00, G 00, B 00
Trace|Writing image header...
Trace|Width: 8, Height: 14, RowLength: 1
Trace|BPP: 1, PaletteColors: 2, Transaparency: 1
Trace|Writing palette...
Trace|Writing image...
Trace|Image 19 offset is 18108...
Debug|Encoding image 19...
Trace|Extracting palette...
Trace|Palette item 0: R 00, G 00, B 00, Transaparent color
Trace|Palette item 1: R 00, G 00, B 00
Trace|Writing image header...
Trace|Width: 8, Height: 14, RowLength: 1
Trace|BPP: 1, PaletteColors: 2, Transaparency: 1
Trace|Writing palette...
Trace|Writing image...
Trace|Image 20 offset is 18146...
Debug|Encoding image 20...
Trace|Extracting palette...
Trace|Palette item 0: R 00, G 00, B 00, Transaparent color
Trace|Palette item 1: R 00, G 00, B 00
Trace|Writing image header...
Trace|Width: 8, Height: 14, RowLength: 1
Trace|BPP: 1, PaletteColors: 2, Transaparency: 1
Trace|Writing palette...
Trace|Writing image...
Trace|Image 21 offset is 18184...
Debug|Encoding image 21...
Trace|Extracting palette...
Trace|Palette item 0: R 00, G 00, B 00, Transaparent color
Trace|Palette item 1: R 00, G 00, B 00
Trace|Writing image header...
Trace|Width: 10, Height: 12, RowLength: 2
Trace|BPP: 1, PaletteColors: 2, Transaparency: 1
Trace|Writing palette...
Trace|Writing image...
Trace|Image 22 offset is 18232...
Debug|Encoding image 22...
Trace|Extracting palette...
Trace|Palette item 0: R 00, G 00, B 00, Transaparent color
Trace|Palette item 1: R 00, G 00, B 00
Trace|Writing image header...
Trace|Width: 4, Height: 13, RowLength: 1
Trace|BPP: 1, PaletteColors: 2, Transaparency: 1
Trace|Writing palette...
Trace|Writing image...
Trace|Image 23 offset is 18269...
Debug|Encoding image 23...
Trace|Extracting palette...
Trace|Palette item 0: R 00, G 00, B 00, Transaparent color
Trace|Palette item 1: R 00, G 00, B 00
Trace|Writing image header...
Trace|Width: 29, Height: 14, RowLength: 4
Trace|BPP: 1, PaletteColors: 2, Transaparency: 1
Trace|Writing palette...
Trace|Writing image...
Trace|Image 24 offset is 18349...
Debug|Encoding image 24...
Trace|Extracting palette...
Trace|Palette item 0: R 00, G 00, B 00, Transaparent color
Trace|Palette item 1: R 00, G 00, B 00
Trace|Writing image header...
Trace|Width: 29, Height: 14, RowLength: 4
Trace|BPP: 1, PaletteColors: 2, Transaparency: 1
Trace|Writing palette...
Trace|Writing image...
Trace|Image 25 offset is 18429...
Debug|Encoding image 25...
Trace|Extracting palette...
Trace|Palette item 0: R 00, G 00, B 00, Transaparent color
Trace|Palette item 1: R 00, G 00, B 00
Trace|Writing image header...
Trace|Width: 29, Height: 14, RowLength: 4
Trace|BPP: 1, PaletteColors: 2, Transaparency: 1
Trace|Writing palette...
Trace|Writing image...
Trace|Image 26 offset is 18509...
Debug|Encoding image 26...
Trace|Extracting palette...
Trace|Palette item 0: R 00, G 00, B 00, Transaparent color
Trace|Palette item 1: R 00, G 00, B 00
Trace|Writing image header...
Trace|Width: 29, Height: 14, RowLength: 4
Trace|BPP: 1, PaletteColors: 2, Transaparency: 1
Trace|Writing palette...
Trace|Writing image...
Trace|Image 27 offset is 18589...
Debug|Encoding image 27...
Trace|Extracting palette...
Trace|Palette item 0: R 00, G 00, B 00, Transaparent color
Trace|Palette item 1: R 00, G 00, B 00
Trace|Writing image header...
Trace|Width: 29, Height: 14, RowLength: 4
Trace|BPP: 1, PaletteColors: 2, Transaparency: 1
Trace|Writing palette...
Trace|Writing image...
Trace|Image 28 offset is 18669...
Debug|Encoding image 28...
Trace|Extracting palette...
Trace|Palette item 0: R 00, G 00, B 00, Transaparent color
Trace|Palette item 1: R 00, G 00, B 00
Trace|Writing image header...
Trace|Width: 29, Height: 14, RowLength: 4
Trace|BPP: 1, PaletteColors: 2, Transaparency: 1
Trace|Writing palette...
Trace|Writing image...
Trace|Image 29 offset is 18749...
Debug|Encoding image 29...
Trace|Extracting palette...
Trace|Palette item 0: R 00, G 00, B 00, Transaparent color
Trace|Palette item 1: R 00, G 00, B 00
Trace|Writing image header...
Trace|Width: 29, Height: 14, RowLength: 4
Trace|BPP: 1, PaletteColors: 2, Transaparency: 1
Trace|Writing palette...
Trace|Writing image...
Trace|Image 30 offset is 18829...
Debug|Encoding image 30...
Trace|Extracting palette...
Trace|Palette item 0: R 00, G 00, B 00, Transaparent color
Trace|Palette item 1: R 00, G 00, B 00
Trace|Writing image header...
Trace|Width: 30, Height: 30, RowLength: 4
Trace|BPP: 1, PaletteColors: 2, Transaparency: 1
Trace|Writing palette...
Trace|Writing image...
Trace|Image 31 offset is 18973...
Debug|Encoding image 31...
Trace|Extracting palette...
Trace|Palette item 0: R 00, G 00, B 00, Transaparent color
Trace|Palette item 1: R FF, G 00, B 00
Trace|Palette item 2: R 00, G 00, B 00
Trace|Writing image header...
Trace|Width: 30, Height: 30, RowLength: 8
Trace|BPP: 2, PaletteColors: 3, Transaparency: 1
Trace|Writing palette...
Trace|Writing image...
Trace|Image 32 offset is 19241...
Debug|Encoding image 32...
Trace|Extracting palette...
Trace|Palette item 0: R 00, G 00, B 00, Transaparent color
Trace|Palette item 1: R FF, G 00, B 00
Trace|Palette item 2: R 00, G 00, B 00
Trace|Writing image header...
Trace|Width: 30, Height: 30, RowLength: 8
Trace|BPP: 2, PaletteColors: 3, Transaparency: 1
Trace|Writing palette...
Trace|Writing image...
Trace|Image 33 offset is 19509...
Debug|Encoding image 33...
Trace|Extracting palette...
Trace|Palette item 0: R 00, G 00, B 00, Transaparent color
Trace|Palette item 1: R FF, G 00, B 00
Trace|Palette item 2: R 00, G 00, B 00
Trace|Writing image header...
Trace|Width: 30, Height: 30, RowLength: 8
Trace|BPP: 2, PaletteColors: 3, Transaparency: 1
Trace|Writing palette...
Trace|Writing image...
Trace|Image 34 offset is 19777...
Debug|Encoding image 34...
Trace|Extracting palette...
Trace|Palette item 0: R 00, G 00, B 00, Transaparent color
Trace|Palette item 1: R FF, G 00, B 00
Trace|Writing image header...
Trace|Width: 30, Height: 30, RowLength: 4
Trace|BPP: 1, PaletteColors: 2, Transaparency: 1
Trace|Writing palette...
Trace|Writing image...
Trace|Image 35 offset is 19921...
Debug|Encoding image 35...
Trace|Extracting palette...
Trace|Palette item 0: R 00, G 00, B 00, Transaparent color
Trace|Palette item 1: R 00, G 00, B 00
Trace|Writing image header...
Trace|Width: 30, Height: 30, RowLength: 4
Trace|BPP: 1, PaletteColors: 2, Transaparency: 1
Trace|Writing palette...
Trace|Writing image...
Trace|Image 36 offset is 20065...
Debug|Encoding image 36...
Trace|Extracting palette...
Trace|Palette item 0: R 00, G 00, B 00, Transaparent color
Trace|Palette item 1: R 00, G 00, B 00
Trace|Writing image header...
Trace|Width: 30, Height: 30, RowLength: 4
Trace|BPP: 1, PaletteColors: 2, Transaparency: 1
Trace|Writing palette...
Trace|Writing image...
Trace|Image 37 offset is 20209...
Debug|Encoding image 37...
Trace|Extracting palette...
Trace|Palette item 0: R 00, G 00, B 00, Transaparent color
Trace|Palette item 1: R 00, G 00, B 00
Trace|Writing image header...
Trace|Width: 30, Height: 30, RowLength: 4
Trace|BPP: 1, PaletteColors: 2, Transaparency: 1
Trace|Writing palette...
Trace|Writing image...
Trace|Image 38 offset is 20353...
Debug|Encoding image 38...
Trace|Extracting palette...
Trace|Palette item 0: R 00, G 00, B 00, Transaparent color
Trace|Palette item 1: R 00, G 00, B 00
Trace|Palette item 2: R 00, G 00, B FF
Trace|Writing image header...
Trace|Width: 30, Height: 30, RowLength: 8
Trace|BPP: 2, PaletteColors: 3, Transaparency: 1
Trace|Writing palette...
Trace|Writing image...
Trace|Image 39 offset is 20621...
Debug|Encoding image 39...
Trace|Extracting palette...
Trace|Palette item 0: R 00, G 00, B 00, Transaparent color
Trace|Palette item 1: R 00, G 00, B 00
Trace|Palette item 2: R 00, G 00, B FF
Trace|Writing image header...
Trace|Width: 30, Height: 30, RowLength: 8
Trace|BPP: 2, PaletteColors: 3, Transaparency: 1
Trace|Writing palette...
Trace|Writing image...
Trace|Image 40 offset is 20889...
Debug|Encoding image 40...
Trace|Extracting palette...
Trace|Palette item 0: R 00, G 00, B 00, Transaparent color
Trace|Palette item 1: R 00, G 00, B 00
Trace|Palette item 2: R 00, G 00, B FF
Trace|Writing image header...
Trace|Width: 30, Height: 30, RowLength: 8
Trace|BPP: 2, PaletteColors: 3, Transaparency: 1
Trace|Writing palette...
Trace|Writing image...
Trace|Image 41 offset is 21157...
Debug|Encoding image 41...
Trace|Extracting palette...
Trace|Palette item 0: R 00, G 00, B 00, Transaparent color
Trace|Palette item 1: R 00, G 00, B 00
Trace|Palette item 2: R 00, G 00, B FF
Trace|Writing image header...
Trace|Width: 30, Height: 30, RowLength: 8
Trace|BPP: 2, PaletteColors: 3, Transaparency: 1
Trace|Writing palette...
Trace|Writing image...
Trace|Image 42 offset is 21425...
Debug|Encoding image 42...
Trace|Extracting palette...
Trace|Palette item 0: R 00, G 00, B 00, Transaparent color
Trace|Palette item 1: R 00, G 00, B 00
Trace|Writing image header...
Trace|Width: 30, Height: 30, RowLength: 4
Trace|BPP: 1, PaletteColors: 2, Transaparency: 1
Trace|Writing palette...
Trace|Writing image...
Trace|Image 43 offset is 21569...
Debug|Encoding image 43...
Trace|Extracting palette...
Trace|Palette item 0: R 00, G 00, B 00, Transaparent color
Trace|Palette item 1: R 00, G 00, B 00
Trace|Palette item 2: R 00, G 00, B FF
Trace|Writing image header...
Trace|Width: 30, Height: 30, RowLength: 8
Trace|BPP: 2, PaletteColors: 3, Transaparency: 1
Trace|Writing palette...
Trace|Writing image...
Trace|Image 44 offset is 21837...
Debug|Encoding image 44...
Trace|Extracting palette...
Trace|Palette item 0: R 00, G 00, B 00, Transaparent color
Trace|Palette item 1: R 00, G 00, B 00
Trace|Writing image header...
Trace|Width: 30, Height: 30, RowLength: 4
Trace|BPP: 1, PaletteColors: 2, Transaparency: 1
Trace|Writing palette...
Trace|Writing image...
Trace|Image 45 offset is 21981...
Debug|Encoding image 45...
Trace|Extracting palette...
Trace|Palette item 0: R 00, G 00, B 00, Transaparent color
Trace|Palette item 1: R 00, G 00, B 00
Trace|Writing image header...
Trace|Width: 30, Height: 30, RowLength: 4
Trace|BPP: 1, PaletteColors: 2, Transaparency: 1
Trace|Writing palette...
Trace|Writing image...
Trace|Image 46 offset is 22125...
Debug|Encoding image 46...
Trace|Extracting palette...
Trace|Palette item 0: R 00, G 00, B 00, Transaparent color
Trace|Palette item 1: R 00, G 00, B 00
Trace|Palette item 2: R 00, G FF, B FF
Trace|Writing image header...
Trace|Width: 30, Height: 30, RowLength: 8
Trace|BPP: 2, PaletteColors: 3, Transaparency: 1
Trace|Writing palette...
Trace|Writing image...
Trace|Image 47 offset is 22393...
Debug|Encoding image 47...
Trace|Extracting palette...
Trace|Palette item 0: R 00, G 00, B 00, Transaparent color
Trace|Palette item 1: R 00, G 00, B 00
Trace|Palette item 2: R 00, G 00, B FF
Trace|Writing image header...
Trace|Width: 30, Height: 30, RowLength: 8
Trace|BPP: 2, PaletteColors: 3, Transaparency: 1
Trace|Writing palette...
Trace|Writing image...
Trace|Image 48 offset is 22661...
Debug|Encoding image 48...
Trace|Extracting palette...
Trace|Palette item 0: R 00, G 00, B 00, Transaparent color
Trace|Palette item 1: R 00, G 00, B 00
Trace|Writing image header...
Trace|Width: 30, Height: 30, RowLength: 4
Trace|BPP: 1, PaletteColors: 2, Transaparency: 1
Trace|Writing palette...
Trace|Writing image...
Trace|Image 49 offset is 22805...
Debug|Encoding image 49...
Trace|Extracting palette...
Trace|Palette item 0: R 00, G 00, B 00, Transaparent color
Trace|Palette item 1: R 00, G 00, B 00
Trace|Palette item 2: R 00, G 00, B FF
Trace|Writing image header...
Trace|Width: 30, Height: 30, RowLength: 8
Trace|BPP: 2, PaletteColors: 3, Transaparency: 1
Trace|Writing palette...
Trace|Writing image...
Trace|Image 50 offset is 23073...
Debug|Encoding image 50...
Trace|Extracting palette...
Trace|Palette item 0: R 00, G 00, B 00, Transaparent color
Trace|Palette item 1: R 00, G 00, B 00
Trace|Palette item 2: R 00, G 00, B FF
Trace|Writing image header...
Trace|Width: 30, Height: 30, RowLength: 8
Trace|BPP: 2, PaletteColors: 3, Transaparency: 1
Trace|Writing palette...
Trace|Writing image...
Trace|Image 51 offset is 23341...
Debug|Encoding image 51...
Trace|Extracting palette...
Trace|Palette item 0: R 00, G 00, B 00, Transaparent color
Trace|Palette item 1: R 00, G 00, B 00
Trace|Palette item 2: R 00, G FF, B FF
Trace|Writing image header...
Trace|Width: 30, Height: 30, RowLength: 8
Trace|BPP: 2, PaletteColors: 3, Transaparency: 1
Trace|Writing palette...
Trace|Writing image...
Trace|Image 52 offset is 23609...
Debug|Encoding image 52...
Trace|Extracting palette...
Trace|Palette item 0: R 00, G 00, B 00, Transaparent color
Trace|Palette item 1: R 00, G 00, B 00
Trace|Writing image header...
Trace|Width: 30, Height: 30, RowLength: 4
Trace|BPP: 1, PaletteColors: 2, Transaparency: 1
Trace|Writing palette...
Trace|Writing image...
Trace|Image 53 offset is 23753...
Debug|Encoding image 53...
Trace|Extracting palette...
Trace|Palette item 0: R 00, G 00, B 00, Transaparent color
Trace|Palette item 1: R 00, G 00, B 00
Trace|Writing image header...
Trace|Width: 30, Height: 30, RowLength: 4
Trace|BPP: 1, PaletteColors: 2, Transaparency: 1
Trace|Writing palette...
Trace|Writing image...
Trace|Image 54 offset is 23897...
Debug|Encoding image 54...
Trace|Extracting palette...
Trace|Palette item 0: R 00, G 00, B 00, Transaparent color
Trace|Palette item 1: R 00, G 00, B 00
Trace|Writing image header...
Trace|Width: 30, Height: 30, RowLength: 4
Trace|BPP: 1, PaletteColors: 2, Transaparency: 1
Trace|Writing palette...
Trace|Writing image...
Trace|Image 55 offset is 24041...
Debug|Encoding image 55...
Trace|Extracting palette...
Trace|Palette item 0: R 00, G 00, B 00, Transaparent color
Trace|Palette item 1: R 00, G 00, B 00
Trace|Palette item 2: R 00, G 00, B FF
Trace|Writing image header...
Trace|Width: 30, Height: 30, RowLength: 8
Trace|BPP: 2, PaletteColors: 3, Transaparency: 1
Trace|Writing palette...
Trace|Writing image...
Trace|Image 56 offset is 24309...
Debug|Encoding image 56...
Trace|Extracting palette...
Trace|Palette item 0: R 00, G 00, B 00, Transaparent color
Trace|Palette item 1: R 00, G 00, B 00
Trace|Writing image header...
Trace|Width: 5, Height: 10, RowLength: 1
Trace|BPP: 1, PaletteColors: 2, Transaparency: 1
Trace|Writing palette...
Trace|Writing image...
Trace|Image 57 offset is 24343...
Debug|Encoding image 57...
Trace|Extracting palette...
Trace|Palette item 0: R 00, G 00, B 00, Transaparent color
Trace|Palette item 1: R 00, G 00, B 00
Trace|Writing image header...
Trace|Width: 4, Height: 10, RowLength: 1
Trace|BPP: 1, PaletteColors: 2, Transaparency: 1
Trace|Writing palette...
Trace|Writing image...
Trace|Image 58 offset is 24377...
Debug|Encoding image 58...
Trace|Extracting palette...
Trace|Palette item 0: R 00, G 00, B 00
Trace|Palette item 1: R FF, G FF, B FF
Trace|Writing image header...
Trace|Width: 10, Height: 10, RowLength: 2
Trace|BPP: 1, PaletteColors: 2, Transaparency: 0
Trace|Writing palette...
Trace|Writing image...
Trace|Image 59 offset is 24421...
Debug|Encoding image 59...
Trace|Extracting palette...
Trace|Palette item 0: R 00, G 00, B 00, Transaparent color
Trace|Writing image header...
Trace|Width: 10, Height: 10, RowLength: 2
Trace|BPP: 1, PaletteColors: 1, Transaparency: 1
Trace|Writing palette...
Trace|Writing image...
Trace|Image 60 offset is 24461...
Debug|Encoding image 60...
Trace|Extracting palette...
Trace|Palette item 0: R 00, G 00, B 00
Trace|Palette item 1: R FF, G FF, B FF
Trace|Writing image header...
Trace|Width: 10, Height: 10, RowLength: 2
Trace|BPP: 1, PaletteColors: 2, Transaparency: 0
Trace|Writing palette...
Trace|Writing image...
Trace|Image 61 offset is 24505...
Debug|Encoding image 61...
Trace|Extracting palette...
Trace|Palette item 0: R FF, G FF, B FF
Trace|Palette item 1: R 00, G 00, B 00
Trace|Writing image header...
Trace|Width: 10, Height: 10, RowLength: 2
Trace|BPP: 1, PaletteColors: 2, Transaparency: 0
Trace|Writing palette...
Trace|Writing image...
Trace|Image 62 offset is 24549...
Debug|Encoding image 62...
Trace|Extracting palette...
Trace|Palette item 0: R 00, G 00, B 00, Transaparent color
Trace|Writing image header...
Trace|Width: 6, Height: 13, RowLength: 1
Trace|BPP: 1, PaletteColors: 1, Transaparency: 1
Trace|Writing palette...
Trace|Writing image...
Trace|Image 63 offset is 24582...
Debug|Encoding image 63...
Trace|Extracting palette...
Trace|Palette item 0: R 00, G 00, B 00, Transaparent color
Trace|Palette item 1: R 00, G 00, B 00
Trace|Writing image header...
Trace|Width: 6, Height: 13, RowLength: 1
Trace|BPP: 1, PaletteColors: 2, Transaparency: 1
Trace|Writing palette...
Trace|Writing image...
Trace|Image 64 offset is 24619...
Debug|Encoding image 64...
Trace|Extracting palette...
Trace|Palette item 0: R 00, G 00, B 00, Transaparent color
Trace|Palette item 1: R 00, G 00, B 00
Trace|Writing image header...
Trace|Width: 6, Height: 13, RowLength: 1
Trace|BPP: 1, PaletteColors: 2, Transaparency: 1
Trace|Writing palette...
Trace|Writing image...
Trace|Image 65 offset is 24656...
Debug|Encoding image 65...
Trace|Extracting palette...
Trace|Palette item 0: R 00, G 00, B 00, Transaparent color
Trace|Palette item 1: R 00, G 00, B 00
Trace|Writing image header...
Trace|Width: 6, Height: 13, RowLength: 1
Trace|BPP: 1, PaletteColors: 2, Transaparency: 1
Trace|Writing palette...
Trace|Writing image...
Trace|Image 66 offset is 24693...
Debug|Encoding image 66...
Trace|Extracting palette...
Trace|Palette item 0: R 00, G 00, B 00, Transaparent color
Trace|Palette item 1: R 00, G 00, B 00
Trace|Writing image header...
Trace|Width: 6, Height: 13, RowLength: 1
Trace|BPP: 1, PaletteColors: 2, Transaparency: 1
Trace|Writing palette...
Trace|Writing image...
Trace|Image 67 offset is 24730...
Debug|Encoding image 67...
Trace|Extracting palette...
Trace|Palette item 0: R 00, G 00, B 00, Transaparent color
Trace|Palette item 1: R 00, G 00, B 00
Trace|Writing image header...
Trace|Width: 6, Height: 13, RowLength: 1
Trace|BPP: 1, PaletteColors: 2, Transaparency: 1
Trace|Writing palette...
Trace|Writing image...
Trace|Image 68 offset is 24767...
Debug|Encoding image 68...
Trace|Extracting palette...
Trace|Palette item 0: R 00, G 00, B 00, Transaparent color
Trace|Palette item 1: R 00, G 00, B 00
Trace|Writing image header...
Trace|Width: 6, Height: 13, RowLength: 1
Trace|BPP: 1, PaletteColors: 2, Transaparency: 1
Trace|Writing palette...
Trace|Writing image...
Trace|Writing images offsets table
Debug|Writing images
